{"/home/robo/code/honey-do/services/react/src/App.tsx": {"path":"/home/robo/code/honey-do/services/react/src/App.tsx","statementMap":{"0":{"start":{"line":16,"column":16},"end":{"line":59,"column":1}},"1":{"start":{"line":17,"column":24},"end":{"line":17,"column":34}},"2":{"start":{"line":18,"column":19},"end":{"line":18,"column":32}},"3":{"start":{"line":19,"column":19},"end":{"line":19,"column":32}},"4":{"start":{"line":21,"column":23},"end":{"line":21,"column":72}},"5":{"start":{"line":24,"column":25},"end":{"line":32,"column":3}},"6":{"start":{"line":25,"column":17},"end":{"line":25,"column":34}},"7":{"start":{"line":26,"column":4},"end":{"line":26,"column":66}},"8":{"start":{"line":26,"column":47},"end":{"line":26,"column":66}},"9":{"start":{"line":27,"column":4},"end":{"line":27,"column":42}},"10":{"start":{"line":27,"column":27},"end":{"line":27,"column":42}},"11":{"start":{"line":28,"column":4},"end":{"line":28,"column":46}},"12":{"start":{"line":28,"column":29},"end":{"line":28,"column":46}},"13":{"start":{"line":29,"column":4},"end":{"line":29,"column":38}},"14":{"start":{"line":29,"column":25},"end":{"line":29,"column":38}},"15":{"start":{"line":30,"column":4},"end":{"line":30,"column":48}},"16":{"start":{"line":30,"column":30},"end":{"line":30,"column":48}},"17":{"start":{"line":31,"column":4},"end":{"line":31,"column":14}},"18":{"start":{"line":34,"column":25},"end":{"line":37,"column":3}},"19":{"start":{"line":35,"column":4},"end":{"line":36,"column":30}},"20":{"start":{"line":35,"column":30},"end":{"line":35,"column":44}},"21":{"start":{"line":36,"column":9},"end":{"line":36,"column":30}},"22":{"start":{"line":39,"column":2},"end":{"line":58,"column":4}}},"fnMap":{"0":{"name":"(anonymous_0)","decl":{"start":{"line":16,"column":16},"end":{"line":16,"column":17}},"loc":{"start":{"line":16,"column":22},"end":{"line":59,"column":1}},"line":16},"1":{"name":"(anonymous_1)","decl":{"start":{"line":24,"column":25},"end":{"line":24,"column":26}},"loc":{"start":{"line":24,"column":31},"end":{"line":32,"column":3}},"line":24},"2":{"name":"(anonymous_2)","decl":{"start":{"line":34,"column":25},"end":{"line":34,"column":26}},"loc":{"start":{"line":34,"column":43},"end":{"line":37,"column":3}},"line":34}},"branchMap":{"0":{"loc":{"start":{"line":21,"column":30},"end":{"line":21,"column":70}},"type":"cond-expr","locations":[{"start":{"line":21,"column":42},"end":{"line":21,"column":54}},{"start":{"line":21,"column":57},"end":{"line":21,"column":70}}],"line":21},"1":{"loc":{"start":{"line":26,"column":4},"end":{"line":26,"column":66}},"type":"if","locations":[{"start":{"line":26,"column":4},"end":{"line":26,"column":66}},{"start":{},"end":{}}],"line":26},"2":{"loc":{"start":{"line":26,"column":8},"end":{"line":26,"column":45}},"type":"binary-expr","locations":[{"start":{"line":26,"column":8},"end":{"line":26,"column":20}},{"start":{"line":26,"column":24},"end":{"line":26,"column":45}}],"line":26},"3":{"loc":{"start":{"line":27,"column":4},"end":{"line":27,"column":42}},"type":"if","locations":[{"start":{"line":27,"column":4},"end":{"line":27,"column":42}},{"start":{},"end":{}}],"line":27},"4":{"loc":{"start":{"line":28,"column":4},"end":{"line":28,"column":46}},"type":"if","locations":[{"start":{"line":28,"column":4},"end":{"line":28,"column":46}},{"start":{},"end":{}}],"line":28},"5":{"loc":{"start":{"line":29,"column":4},"end":{"line":29,"column":38}},"type":"if","locations":[{"start":{"line":29,"column":4},"end":{"line":29,"column":38}},{"start":{},"end":{}}],"line":29},"6":{"loc":{"start":{"line":30,"column":4},"end":{"line":30,"column":48}},"type":"if","locations":[{"start":{"line":30,"column":4},"end":{"line":30,"column":48}},{"start":{},"end":{}}],"line":30},"7":{"loc":{"start":{"line":35,"column":4},"end":{"line":36,"column":30}},"type":"if","locations":[{"start":{"line":35,"column":4},"end":{"line":36,"column":30}},{"start":{"line":36,"column":9},"end":{"line":36,"column":30}}],"line":35}},"s":{"0":1,"1":1,"2":1,"3":1,"4":1,"5":1,"6":1,"7":1,"8":1,"9":0,"10":0,"11":0,"12":0,"13":0,"14":0,"15":0,"16":0,"17":0,"18":1,"19":0,"20":0,"21":0,"22":1},"f":{"0":1,"1":1,"2":0},"b":{"0":[1,0],"1":[1,0],"2":[1,0],"3":[0,0],"4":[0,0],"5":[0,0],"6":[0,0],"7":[0,0]},"_coverageSchema":"1a1c01bbd47fc00a2c39e90264f33305004495a9","hash":"cab1ad7dff2748670e52fd7fb65d9c1f8f506abd"}
,"/home/robo/code/honey-do/services/react/src/index.tsx": {"path":"/home/robo/code/honey-do/services/react/src/index.tsx","statementMap":{"0":{"start":{"line":11,"column":18},"end":{"line":11,"column":49}},"1":{"start":{"line":12,"column":0},"end":{"line":14,"column":1}},"2":{"start":{"line":13,"column":2},"end":{"line":13,"column":44}},"3":{"start":{"line":16,"column":13},"end":{"line":16,"column":34}},"4":{"start":{"line":18,"column":0},"end":{"line":30,"column":2}},"5":{"start":{"line":35,"column":0},"end":{"line":35,"column":18}}},"fnMap":{},"branchMap":{"0":{"loc":{"start":{"line":12,"column":0},"end":{"line":14,"column":1}},"type":"if","locations":[{"start":{"line":12,"column":0},"end":{"line":14,"column":1}},{"start":{},"end":{}}],"line":12}},"s":{"0":0,"1":0,"2":0,"3":0,"4":0,"5":0},"f":{},"b":{"0":[0,0]}}
,"/home/robo/code/honey-do/services/react/src/reportWebVitals.ts": {"path":"/home/robo/code/honey-do/services/react/src/reportWebVitals.ts","statementMap":{"0":{"start":{"line":3,"column":24},"end":{"line":15,"column":1}},"1":{"start":{"line":4,"column":4},"end":{"line":14,"column":5}},"2":{"start":{"line":5,"column":8},"end":{"line":13,"column":9}},"3":{"start":{"line":7,"column":16},"end":{"line":7,"column":35}},"4":{"start":{"line":8,"column":16},"end":{"line":8,"column":35}},"5":{"start":{"line":9,"column":16},"end":{"line":9,"column":35}},"6":{"start":{"line":10,"column":16},"end":{"line":10,"column":35}},"7":{"start":{"line":11,"column":16},"end":{"line":11,"column":36}}},"fnMap":{"0":{"name":"(anonymous_0)","decl":{"start":{"line":3,"column":24},"end":{"line":3,"column":25}},"loc":{"start":{"line":3,"column":57},"end":{"line":15,"column":1}},"line":3},"1":{"name":"(anonymous_1)","decl":{"start":{"line":6,"column":12},"end":{"line":6,"column":13}},"loc":{"start":{"line":6,"column":61},"end":{"line":12,"column":13}},"line":6}},"branchMap":{"0":{"loc":{"start":{"line":4,"column":4},"end":{"line":14,"column":5}},"type":"if","locations":[{"start":{"line":4,"column":4},"end":{"line":14,"column":5}},{"start":{},"end":{}}],"line":4},"1":{"loc":{"start":{"line":4,"column":8},"end":{"line":4,"column":54}},"type":"binary-expr","locations":[{"start":{"line":4,"column":8},"end":{"line":4,"column":19}},{"start":{"line":4,"column":23},"end":{"line":4,"column":54}}],"line":4}},"s":{"0":0,"1":0,"2":0,"3":0,"4":0,"5":0,"6":0,"7":0},"f":{"0":0,"1":0},"b":{"0":[0,0],"1":[0,0]}}
,"/home/robo/code/honey-do/services/react/src/api/todos.ts": {"path":"/home/robo/code/honey-do/services/react/src/api/todos.ts","statementMap":{"0":{"start":{"line":3,"column":16},"end":{"line":3,"column":28}},"1":{"start":{"line":5,"column":24},"end":{"line":19,"column":1}},"2":{"start":{"line":6,"column":12},"end":{"line":6,"column":19}},"3":{"start":{"line":7,"column":2},"end":{"line":13,"column":3}},"4":{"start":{"line":8,"column":19},"end":{"line":8,"column":40}},"5":{"start":{"line":9,"column":4},"end":{"line":11,"column":5}},"6":{"start":{"line":10,"column":6},"end":{"line":10,"column":62}},"7":{"start":{"line":12,"column":4},"end":{"line":12,"column":35}},"8":{"start":{"line":14,"column":19},"end":{"line":14,"column":58}},"9":{"start":{"line":15,"column":2},"end":{"line":17,"column":3}},"10":{"start":{"line":16,"column":4},"end":{"line":16,"column":45}},"11":{"start":{"line":18,"column":2},"end":{"line":18,"column":25}},"12":{"start":{"line":21,"column":26},"end":{"line":39,"column":1}},"13":{"start":{"line":22,"column":18},"end":{"line":26,"column":3}},"14":{"start":{"line":28,"column":19},"end":{"line":34,"column":4}},"15":{"start":{"line":35,"column":2},"end":{"line":37,"column":3}},"16":{"start":{"line":36,"column":4},"end":{"line":36,"column":45}},"17":{"start":{"line":38,"column":2},"end":{"line":38,"column":25}},"18":{"start":{"line":41,"column":26},"end":{"line":53,"column":1}},"19":{"start":{"line":42,"column":19},"end":{"line":48,"column":4}},"20":{"start":{"line":49,"column":2},"end":{"line":51,"column":3}},"21":{"start":{"line":50,"column":4},"end":{"line":50,"column":45}},"22":{"start":{"line":52,"column":2},"end":{"line":52,"column":25}},"23":{"start":{"line":55,"column":26},"end":{"line":62,"column":1}},"24":{"start":{"line":56,"column":19},"end":{"line":58,"column":4}},"25":{"start":{"line":59,"column":2},"end":{"line":61,"column":3}},"26":{"start":{"line":60,"column":4},"end":{"line":60,"column":45}}},"fnMap":{"0":{"name":"(anonymous_0)","decl":{"start":{"line":5,"column":24},"end":{"line":5,"column":25}},"loc":{"start":{"line":5,"column":85},"end":{"line":19,"column":1}},"line":5},"1":{"name":"(anonymous_1)","decl":{"start":{"line":21,"column":26},"end":{"line":21,"column":27}},"loc":{"start":{"line":21,"column":76},"end":{"line":39,"column":1}},"line":21},"2":{"name":"(anonymous_2)","decl":{"start":{"line":41,"column":26},"end":{"line":41,"column":27}},"loc":{"start":{"line":41,"column":87},"end":{"line":53,"column":1}},"line":41},"3":{"name":"(anonymous_3)","decl":{"start":{"line":55,"column":26},"end":{"line":55,"column":27}},"loc":{"start":{"line":55,"column":63},"end":{"line":62,"column":1}},"line":55}},"branchMap":{"0":{"loc":{"start":{"line":7,"column":2},"end":{"line":13,"column":3}},"type":"if","locations":[{"start":{"line":7,"column":2},"end":{"line":13,"column":3}},{"start":{},"end":{}}],"line":7},"1":{"loc":{"start":{"line":9,"column":4},"end":{"line":11,"column":5}},"type":"if","locations":[{"start":{"line":9,"column":4},"end":{"line":11,"column":5}},{"start":{},"end":{}}],"line":9},"2":{"loc":{"start":{"line":15,"column":2},"end":{"line":17,"column":3}},"type":"if","locations":[{"start":{"line":15,"column":2},"end":{"line":17,"column":3}},{"start":{},"end":{}}],"line":15},"3":{"loc":{"start":{"line":35,"column":2},"end":{"line":37,"column":3}},"type":"if","locations":[{"start":{"line":35,"column":2},"end":{"line":37,"column":3}},{"start":{},"end":{}}],"line":35},"4":{"loc":{"start":{"line":49,"column":2},"end":{"line":51,"column":3}},"type":"if","locations":[{"start":{"line":49,"column":2},"end":{"line":51,"column":3}},{"start":{},"end":{}}],"line":49},"5":{"loc":{"start":{"line":59,"column":2},"end":{"line":61,"column":3}},"type":"if","locations":[{"start":{"line":59,"column":2},"end":{"line":61,"column":3}},{"start":{},"end":{}}],"line":59}},"s":{"0":1,"1":1,"2":1,"3":1,"4":0,"5":0,"6":0,"7":0,"8":1,"9":0,"10":0,"11":0,"12":1,"13":0,"14":0,"15":0,"16":0,"17":0,"18":1,"19":0,"20":0,"21":0,"22":0,"23":1,"24":0,"25":0,"26":0},"f":{"0":1,"1":0,"2":0,"3":0},"b":{"0":[0,1],"1":[0,0],"2":[0,0],"3":[0,0],"4":[0,0],"5":[0,0]},"_coverageSchema":"1a1c01bbd47fc00a2c39e90264f33305004495a9","hash":"57f33f8eeaaf24cdeaf90a1b0ebc66dfe342a479"}
,"/home/robo/code/honey-do/services/react/src/components/wizard.tsx": {"path":"/home/robo/code/honey-do/services/react/src/components/wizard.tsx","statementMap":{"0":{"start":{"line":2,"column":27},"end":{"line":785,"column":1}},"1":{"start":{"line":3,"column":2},"end":{"line":784,"column":8}}},"fnMap":{"0":{"name":"(anonymous_0)","decl":{"start":{"line":2,"column":27},"end":{"line":2,"column":28}},"loc":{"start":{"line":3,"column":2},"end":{"line":784,"column":8}},"line":3}},"branchMap":{},"s":{"0":0,"1":0},"f":{"0":0},"b":{}}
,"/home/robo/code/honey-do/services/react/src/components/AddTodo/AddTodo.tsx": {"path":"/home/robo/code/honey-do/services/react/src/components/AddTodo/AddTodo.tsx","statementMap":{"0":{"start":{"line":24,"column":41},"end":{"line":245,"column":1}},"1":{"start":{"line":25,"column":26},"end":{"line":25,"column":59}},"2":{"start":{"line":26,"column":40},"end":{"line":26,"column":80}},"3":{"start":{"line":27,"column":32},"end":{"line":27,"column":127}},"4":{"start":{"line":28,"column":26},"end":{"line":28,"column":71}},"5":{"start":{"line":29,"column":34},"end":{"line":29,"column":71}},"6":{"start":{"line":30,"column":34},"end":{"line":30,"column":71}},"7":{"start":{"line":31,"column":34},"end":{"line":31,"column":91}},"8":{"start":{"line":32,"column":40},"end":{"line":32,"column":83}},"9":{"start":{"line":35,"column":2},"end":{"line":46,"column":20}},"10":{"start":{"line":36,"column":4},"end":{"line":45,"column":5}},"11":{"start":{"line":37,"column":6},"end":{"line":37,"column":38}},"12":{"start":{"line":38,"column":6},"end":{"line":38,"column":52}},"13":{"start":{"line":39,"column":6},"end":{"line":39,"column":103}},"14":{"start":{"line":40,"column":6},"end":{"line":40,"column":50}},"15":{"start":{"line":41,"column":6},"end":{"line":41,"column":46}},"16":{"start":{"line":42,"column":6},"end":{"line":42,"column":46}},"17":{"start":{"line":43,"column":6},"end":{"line":43,"column":52}},"18":{"start":{"line":44,"column":6},"end":{"line":44,"column":55}},"19":{"start":{"line":48,"column":27},"end":{"line":50,"column":8}},"20":{"start":{"line":49,"column":4},"end":{"line":49,"column":28}},"21":{"start":{"line":52,"column":34},"end":{"line":54,"column":8}},"22":{"start":{"line":53,"column":4},"end":{"line":53,"column":35}},"23":{"start":{"line":56,"column":30},"end":{"line":58,"column":8}},"24":{"start":{"line":57,"column":4},"end":{"line":57,"column":31}},"25":{"start":{"line":60,"column":27},"end":{"line":62,"column":8}},"26":{"start":{"line":61,"column":4},"end":{"line":61,"column":28}},"27":{"start":{"line":64,"column":31},"end":{"line":66,"column":8}},"28":{"start":{"line":65,"column":4},"end":{"line":65,"column":32}},"29":{"start":{"line":68,"column":31},"end":{"line":70,"column":8}},"30":{"start":{"line":69,"column":4},"end":{"line":69,"column":32}},"31":{"start":{"line":72,"column":31},"end":{"line":74,"column":8}},"32":{"start":{"line":73,"column":4},"end":{"line":73,"column":48}},"33":{"start":{"line":76,"column":32},"end":{"line":78,"column":8}},"34":{"start":{"line":77,"column":4},"end":{"line":77,"column":37}},"35":{"start":{"line":80,"column":23},"end":{"line":118,"column":3}},"36":{"start":{"line":82,"column":6},"end":{"line":82,"column":25}},"37":{"start":{"line":84,"column":26},"end":{"line":84,"column":37}},"38":{"start":{"line":85,"column":6},"end":{"line":115,"column":7}},"39":{"start":{"line":86,"column":27},"end":{"line":89,"column":50}},"40":{"start":{"line":88,"column":32},"end":{"line":88,"column":42}},"41":{"start":{"line":89,"column":35},"end":{"line":89,"column":49}},"42":{"start":{"line":91,"column":35},"end":{"line":91,"column":53}},"43":{"start":{"line":92,"column":32},"end":{"line":92,"column":47}},"44":{"start":{"line":93,"column":32},"end":{"line":93,"column":47}},"45":{"start":{"line":95,"column":8},"end":{"line":104,"column":11}},"46":{"start":{"line":107,"column":8},"end":{"line":107,"column":20}},"47":{"start":{"line":108,"column":8},"end":{"line":108,"column":27}},"48":{"start":{"line":109,"column":8},"end":{"line":109,"column":23}},"49":{"start":{"line":110,"column":8},"end":{"line":110,"column":20}},"50":{"start":{"line":111,"column":8},"end":{"line":111,"column":24}},"51":{"start":{"line":112,"column":8},"end":{"line":112,"column":24}},"52":{"start":{"line":113,"column":8},"end":{"line":113,"column":30}},"53":{"start":{"line":114,"column":8},"end":{"line":114,"column":30}},"54":{"start":{"line":120,"column":2},"end":{"line":244,"column":4}}},"fnMap":{"0":{"name":"(anonymous_0)","decl":{"start":{"line":24,"column":41},"end":{"line":24,"column":42}},"loc":{"start":{"line":24,"column":83},"end":{"line":245,"column":1}},"line":24},"1":{"name":"(anonymous_1)","decl":{"start":{"line":35,"column":12},"end":{"line":35,"column":13}},"loc":{"start":{"line":35,"column":18},"end":{"line":46,"column":3}},"line":35},"2":{"name":"(anonymous_2)","decl":{"start":{"line":48,"column":39},"end":{"line":48,"column":40}},"loc":{"start":{"line":48,"column":83},"end":{"line":50,"column":3}},"line":48},"3":{"name":"(anonymous_3)","decl":{"start":{"line":52,"column":46},"end":{"line":52,"column":47}},"loc":{"start":{"line":52,"column":93},"end":{"line":54,"column":3}},"line":52},"4":{"name":"(anonymous_4)","decl":{"start":{"line":56,"column":42},"end":{"line":56,"column":43}},"loc":{"start":{"line":56,"column":86},"end":{"line":58,"column":3}},"line":56},"5":{"name":"(anonymous_5)","decl":{"start":{"line":60,"column":39},"end":{"line":60,"column":40}},"loc":{"start":{"line":60,"column":83},"end":{"line":62,"column":3}},"line":60},"6":{"name":"(anonymous_6)","decl":{"start":{"line":64,"column":43},"end":{"line":64,"column":44}},"loc":{"start":{"line":64,"column":87},"end":{"line":66,"column":3}},"line":64},"7":{"name":"(anonymous_7)","decl":{"start":{"line":68,"column":43},"end":{"line":68,"column":44}},"loc":{"start":{"line":68,"column":87},"end":{"line":70,"column":3}},"line":68},"8":{"name":"(anonymous_8)","decl":{"start":{"line":72,"column":43},"end":{"line":72,"column":44}},"loc":{"start":{"line":72,"column":88},"end":{"line":74,"column":3}},"line":72},"9":{"name":"(anonymous_9)","decl":{"start":{"line":76,"column":44},"end":{"line":76,"column":45}},"loc":{"start":{"line":76,"column":88},"end":{"line":78,"column":3}},"line":76},"10":{"name":"(anonymous_10)","decl":{"start":{"line":81,"column":4},"end":{"line":81,"column":5}},"loc":{"start":{"line":81,"column":45},"end":{"line":116,"column":5}},"line":81},"11":{"name":"(anonymous_11)","decl":{"start":{"line":88,"column":15},"end":{"line":88,"column":16}},"loc":{"start":{"line":88,"column":32},"end":{"line":88,"column":42}},"line":88},"12":{"name":"(anonymous_12)","decl":{"start":{"line":89,"column":18},"end":{"line":89,"column":19}},"loc":{"start":{"line":89,"column":35},"end":{"line":89,"column":49}},"line":89}},"branchMap":{"0":{"loc":{"start":{"line":24,"column":64},"end":{"line":24,"column":76}},"type":"default-arg","locations":[{"start":{"line":24,"column":71},"end":{"line":24,"column":76}}],"line":24},"1":{"loc":{"start":{"line":25,"column":35},"end":{"line":25,"column":58}},"type":"binary-expr","locations":[{"start":{"line":25,"column":35},"end":{"line":25,"column":52}},{"start":{"line":25,"column":56},"end":{"line":25,"column":58}}],"line":25},"2":{"loc":{"start":{"line":26,"column":49},"end":{"line":26,"column":79}},"type":"binary-expr","locations":[{"start":{"line":26,"column":49},"end":{"line":26,"column":73}},{"start":{"line":26,"column":77},"end":{"line":26,"column":79}}],"line":26},"3":{"loc":{"start":{"line":27,"column":41},"end":{"line":27,"column":126}},"type":"cond-expr","locations":[{"start":{"line":27,"column":64},"end":{"line":27,"column":121}},{"start":{"line":27,"column":124},"end":{"line":27,"column":126}}],"line":27},"4":{"loc":{"start":{"line":28,"column":35},"end":{"line":28,"column":70}},"type":"binary-expr","locations":[{"start":{"line":28,"column":35},"end":{"line":28,"column":64}},{"start":{"line":28,"column":68},"end":{"line":28,"column":70}}],"line":28},"5":{"loc":{"start":{"line":29,"column":43},"end":{"line":29,"column":70}},"type":"binary-expr","locations":[{"start":{"line":29,"column":43},"end":{"line":29,"column":64}},{"start":{"line":29,"column":68},"end":{"line":29,"column":70}}],"line":29},"6":{"loc":{"start":{"line":30,"column":43},"end":{"line":30,"column":70}},"type":"binary-expr","locations":[{"start":{"line":30,"column":43},"end":{"line":30,"column":64}},{"start":{"line":30,"column":68},"end":{"line":30,"column":70}}],"line":30},"7":{"loc":{"start":{"line":31,"column":57},"end":{"line":31,"column":90}},"type":"binary-expr","locations":[{"start":{"line":31,"column":57},"end":{"line":31,"column":78}},{"start":{"line":31,"column":82},"end":{"line":31,"column":90}}],"line":31},"8":{"loc":{"start":{"line":32,"column":49},"end":{"line":32,"column":82}},"type":"binary-expr","locations":[{"start":{"line":32,"column":49},"end":{"line":32,"column":73}},{"start":{"line":32,"column":77},"end":{"line":32,"column":82}}],"line":32},"9":{"loc":{"start":{"line":36,"column":4},"end":{"line":45,"column":5}},"type":"if","locations":[{"start":{"line":36,"column":4},"end":{"line":45,"column":5}},{"start":{},"end":{}}],"line":36},"10":{"loc":{"start":{"line":37,"column":14},"end":{"line":37,"column":36}},"type":"binary-expr","locations":[{"start":{"line":37,"column":14},"end":{"line":37,"column":30}},{"start":{"line":37,"column":34},"end":{"line":37,"column":36}}],"line":37},"11":{"loc":{"start":{"line":38,"column":21},"end":{"line":38,"column":50}},"type":"binary-expr","locations":[{"start":{"line":38,"column":21},"end":{"line":38,"column":44}},{"start":{"line":38,"column":48},"end":{"line":38,"column":50}}],"line":38},"12":{"loc":{"start":{"line":39,"column":17},"end":{"line":39,"column":101}},"type":"cond-expr","locations":[{"start":{"line":39,"column":39},"end":{"line":39,"column":96}},{"start":{"line":39,"column":99},"end":{"line":39,"column":101}}],"line":39},"13":{"loc":{"start":{"line":40,"column":14},"end":{"line":40,"column":48}},"type":"binary-expr","locations":[{"start":{"line":40,"column":14},"end":{"line":40,"column":42}},{"start":{"line":40,"column":46},"end":{"line":40,"column":48}}],"line":40},"14":{"loc":{"start":{"line":41,"column":18},"end":{"line":41,"column":44}},"type":"binary-expr","locations":[{"start":{"line":41,"column":18},"end":{"line":41,"column":38}},{"start":{"line":41,"column":42},"end":{"line":41,"column":44}}],"line":41},"15":{"loc":{"start":{"line":42,"column":18},"end":{"line":42,"column":44}},"type":"binary-expr","locations":[{"start":{"line":42,"column":18},"end":{"line":42,"column":38}},{"start":{"line":42,"column":42},"end":{"line":42,"column":44}}],"line":42},"16":{"loc":{"start":{"line":43,"column":18},"end":{"line":43,"column":50}},"type":"binary-expr","locations":[{"start":{"line":43,"column":18},"end":{"line":43,"column":38}},{"start":{"line":43,"column":42},"end":{"line":43,"column":50}}],"line":43},"17":{"loc":{"start":{"line":44,"column":21},"end":{"line":44,"column":53}},"type":"binary-expr","locations":[{"start":{"line":44,"column":21},"end":{"line":44,"column":44}},{"start":{"line":44,"column":48},"end":{"line":44,"column":53}}],"line":44},"18":{"loc":{"start":{"line":85,"column":6},"end":{"line":115,"column":7}},"type":"if","locations":[{"start":{"line":85,"column":6},"end":{"line":115,"column":7}},{"start":{},"end":{}}],"line":85},"19":{"loc":{"start":{"line":97,"column":14},"end":{"line":97,"column":71}},"type":"binary-expr","locations":[{"start":{"line":97,"column":14},"end":{"line":97,"column":32}},{"start":{"line":97,"column":36},"end":{"line":97,"column":71}}],"line":97},"20":{"loc":{"start":{"line":98,"column":14},"end":{"line":98,"column":55}},"type":"binary-expr","locations":[{"start":{"line":98,"column":14},"end":{"line":98,"column":21}},{"start":{"line":98,"column":25},"end":{"line":98,"column":55}}],"line":98},"21":{"loc":{"start":{"line":100,"column":14},"end":{"line":100,"column":62}},"type":"binary-expr","locations":[{"start":{"line":100,"column":14},"end":{"line":100,"column":29}},{"start":{"line":100,"column":33},"end":{"line":100,"column":62}}],"line":100},"22":{"loc":{"start":{"line":101,"column":14},"end":{"line":101,"column":62}},"type":"binary-expr","locations":[{"start":{"line":101,"column":14},"end":{"line":101,"column":29}},{"start":{"line":101,"column":33},"end":{"line":101,"column":62}}],"line":101},"23":{"loc":{"start":{"line":240,"column":11},"end":{"line":240,"column":55}},"type":"cond-expr","locations":[{"start":{"line":240,"column":29},"end":{"line":240,"column":42}},{"start":{"line":240,"column":45},"end":{"line":240,"column":55}}],"line":240}},"s":{"0":1,"1":0,"2":0,"3":0,"4":0,"5":0,"6":0,"7":0,"8":0,"9":0,"10":0,"11":0,"12":0,"13":0,"14":0,"15":0,"16":0,"17":0,"18":0,"19":0,"20":0,"21":0,"22":0,"23":0,"24":0,"25":0,"26":0,"27":0,"28":0,"29":0,"30":0,"31":0,"32":0,"33":0,"34":0,"35":0,"36":0,"37":0,"38":0,"39":0,"40":0,"41":0,"42":0,"43":0,"44":0,"45":0,"46":0,"47":0,"48":0,"49":0,"50":0,"51":0,"52":0,"53":0,"54":0},"f":{"0":0,"1":0,"2":0,"3":0,"4":0,"5":0,"6":0,"7":0,"8":0,"9":0,"10":0,"11":0,"12":0},"b":{"0":[0],"1":[0,0],"2":[0,0],"3":[0,0],"4":[0,0],"5":[0,0],"6":[0,0],"7":[0,0],"8":[0,0],"9":[0,0],"10":[0,0],"11":[0,0],"12":[0,0],"13":[0,0],"14":[0,0],"15":[0,0],"16":[0,0],"17":[0,0],"18":[0,0],"19":[0,0],"20":[0,0],"21":[0,0],"22":[0,0],"23":[0,0]},"_coverageSchema":"1a1c01bbd47fc00a2c39e90264f33305004495a9","hash":"3990c7da995eb08f3d8ad97fd27b22f3b477e4b2"}
,"/home/robo/code/honey-do/services/react/src/components/ErrorBoundary/ErrorBoundary.tsx": {"path":"/home/robo/code/honey-do/services/react/src/components/ErrorBoundary/ErrorBoundary.tsx","statementMap":{"0":{"start":{"line":22,"column":61},"end":{"line":68,"column":1}},"1":{"start":{"line":23,"column":2},"end":{"line":67,"column":8}},"2":{"start":{"line":75,"column":4},"end":{"line":75,"column":17}},"3":{"start":{"line":76,"column":4},"end":{"line":76,"column":37}},"4":{"start":{"line":80,"column":4},"end":{"line":80,"column":37}},"5":{"start":{"line":84,"column":4},"end":{"line":84,"column":70}},"6":{"start":{"line":87,"column":15},"end":{"line":89,"column":3}},"7":{"start":{"line":88,"column":4},"end":{"line":88,"column":39}},"8":{"start":{"line":92,"column":4},"end":{"line":95,"column":5}},"9":{"start":{"line":93,"column":32},"end":{"line":93,"column":75}},"10":{"start":{"line":94,"column":6},"end":{"line":94,"column":123}},"11":{"start":{"line":97,"column":4},"end":{"line":97,"column":31}}},"fnMap":{"0":{"name":"(anonymous_0)","decl":{"start":{"line":22,"column":61},"end":{"line":22,"column":62}},"loc":{"start":{"line":23,"column":2},"end":{"line":67,"column":8}},"line":23},"1":{"name":"(anonymous_1)","decl":{"start":{"line":74,"column":2},"end":{"line":74,"column":3}},"loc":{"start":{"line":74,"column":41},"end":{"line":77,"column":3}},"line":74},"2":{"name":"(anonymous_2)","decl":{"start":{"line":79,"column":2},"end":{"line":79,"column":3}},"loc":{"start":{"line":79,"column":68},"end":{"line":81,"column":3}},"line":79},"3":{"name":"(anonymous_3)","decl":{"start":{"line":83,"column":2},"end":{"line":83,"column":3}},"loc":{"start":{"line":83,"column":71},"end":{"line":85,"column":3}},"line":83},"4":{"name":"(anonymous_4)","decl":{"start":{"line":87,"column":15},"end":{"line":87,"column":16}},"loc":{"start":{"line":87,"column":27},"end":{"line":89,"column":3}},"line":87},"5":{"name":"(anonymous_5)","decl":{"start":{"line":91,"column":2},"end":{"line":91,"column":3}},"loc":{"start":{"line":91,"column":31},"end":{"line":98,"column":3}},"line":91}},"branchMap":{"0":{"loc":{"start":{"line":37,"column":5},"end":{"line":52,"column":5}},"type":"binary-expr","locations":[{"start":{"line":37,"column":5},"end":{"line":37,"column":10}},{"start":{"line":38,"column":6},"end":{"line":51,"column":16}}],"line":37},"1":{"loc":{"start":{"line":92,"column":4},"end":{"line":95,"column":5}},"type":"if","locations":[{"start":{"line":92,"column":4},"end":{"line":95,"column":5}},{"start":{},"end":{}}],"line":92},"2":{"loc":{"start":{"line":93,"column":32},"end":{"line":93,"column":75}},"type":"binary-expr","locations":[{"start":{"line":93,"column":32},"end":{"line":93,"column":51}},{"start":{"line":93,"column":55},"end":{"line":93,"column":75}}],"line":93},"3":{"loc":{"start":{"line":94,"column":37},"end":{"line":94,"column":88}},"type":"cond-expr","locations":[{"start":{"line":94,"column":56},"end":{"line":94,"column":83}},{"start":{"line":94,"column":86},"end":{"line":94,"column":88}}],"line":94}},"s":{"0":1,"1":0,"2":1,"3":1,"4":0,"5":0,"6":1,"7":0,"8":1,"9":0,"10":0,"11":1},"f":{"0":0,"1":1,"2":0,"3":0,"4":0,"5":1},"b":{"0":[0,0],"1":[0,1],"2":[0,0],"3":[0,0]},"_coverageSchema":"1a1c01bbd47fc00a2c39e90264f33305004495a9","hash":"cb7a7ad7fee916330005b6e90ee0d21d7c99540b"}
,"/home/robo/code/honey-do/services/react/src/components/TodoItem/TodoItem.tsx": {"path":"/home/robo/code/honey-do/services/react/src/components/TodoItem/TodoItem.tsx","statementMap":{"0":{"start":{"line":15,"column":43},"end":{"line":89,"column":1}},"1":{"start":{"line":16,"column":23},"end":{"line":18,"column":3}},"2":{"start":{"line":17,"column":4},"end":{"line":17,"column":22}},"3":{"start":{"line":20,"column":23},"end":{"line":22,"column":3}},"4":{"start":{"line":21,"column":4},"end":{"line":21,"column":22}},"5":{"start":{"line":24,"column":21},"end":{"line":26,"column":3}},"6":{"start":{"line":25,"column":4},"end":{"line":25,"column":20}},"7":{"start":{"line":28,"column":21},"end":{"line":34,"column":3}},"8":{"start":{"line":29,"column":4},"end":{"line":33,"column":7}},"9":{"start":{"line":36,"column":2},"end":{"line":88,"column":4}},"10":{"start":{"line":56,"column":18},"end":{"line":58,"column":25}}},"fnMap":{"0":{"name":"(anonymous_0)","decl":{"start":{"line":15,"column":43},"end":{"line":15,"column":44}},"loc":{"start":{"line":15,"column":85},"end":{"line":89,"column":1}},"line":15},"1":{"name":"(anonymous_1)","decl":{"start":{"line":16,"column":23},"end":{"line":16,"column":24}},"loc":{"start":{"line":16,"column":35},"end":{"line":18,"column":3}},"line":16},"2":{"name":"(anonymous_2)","decl":{"start":{"line":20,"column":23},"end":{"line":20,"column":24}},"loc":{"start":{"line":20,"column":35},"end":{"line":22,"column":3}},"line":20},"3":{"name":"(anonymous_3)","decl":{"start":{"line":24,"column":21},"end":{"line":24,"column":22}},"loc":{"start":{"line":24,"column":33},"end":{"line":26,"column":3}},"line":24},"4":{"name":"(anonymous_4)","decl":{"start":{"line":28,"column":21},"end":{"line":28,"column":22}},"loc":{"start":{"line":28,"column":45},"end":{"line":34,"column":3}},"line":28},"5":{"name":"(anonymous_5)","decl":{"start":{"line":55,"column":31},"end":{"line":55,"column":32}},"loc":{"start":{"line":56,"column":18},"end":{"line":58,"column":25}},"line":56}},"branchMap":{"0":{"loc":{"start":{"line":37,"column":42},"end":{"line":37,"column":80}},"type":"cond-expr","locations":[{"start":{"line":37,"column":59},"end":{"line":37,"column":75}},{"start":{"line":37,"column":78},"end":{"line":37,"column":80}}],"line":37},"1":{"loc":{"start":{"line":44,"column":48},"end":{"line":44,"column":90}},"type":"cond-expr","locations":[{"start":{"line":44,"column":65},"end":{"line":44,"column":77}},{"start":{"line":44,"column":80},"end":{"line":44,"column":90}}],"line":44},"2":{"loc":{"start":{"line":51,"column":11},"end":{"line":51,"column":91}},"type":"binary-expr","locations":[{"start":{"line":51,"column":11},"end":{"line":51,"column":27}},{"start":{"line":51,"column":31},"end":{"line":51,"column":91}}],"line":51},"3":{"loc":{"start":{"line":53,"column":13},"end":{"line":61,"column":13}},"type":"binary-expr","locations":[{"start":{"line":53,"column":13},"end":{"line":53,"column":33}},{"start":{"line":54,"column":14},"end":{"line":60,"column":20}}],"line":53},"4":{"loc":{"start":{"line":62,"column":13},"end":{"line":62,"column":89}},"type":"binary-expr","locations":[{"start":{"line":62,"column":13},"end":{"line":62,"column":26}},{"start":{"line":62,"column":30},"end":{"line":62,"column":89}}],"line":62},"5":{"loc":{"start":{"line":63,"column":13},"end":{"line":63,"column":89}},"type":"binary-expr","locations":[{"start":{"line":63,"column":13},"end":{"line":63,"column":26}},{"start":{"line":63,"column":30},"end":{"line":63,"column":89}}],"line":63},"6":{"loc":{"start":{"line":64,"column":13},"end":{"line":64,"column":98}},"type":"binary-expr","locations":[{"start":{"line":64,"column":13},"end":{"line":64,"column":25}},{"start":{"line":64,"column":29},"end":{"line":64,"column":98}}],"line":64},"7":{"loc":{"start":{"line":65,"column":13},"end":{"line":65,"column":86}},"type":"binary-expr","locations":[{"start":{"line":65,"column":13},"end":{"line":65,"column":28}},{"start":{"line":65,"column":32},"end":{"line":65,"column":86}}],"line":65}},"s":{"0":1,"1":0,"2":0,"3":0,"4":0,"5":0,"6":0,"7":0,"8":0,"9":0,"10":0},"f":{"0":0,"1":0,"2":0,"3":0,"4":0,"5":0},"b":{"0":[0,0],"1":[0,0],"2":[0,0],"3":[0,0],"4":[0,0],"5":[0,0],"6":[0,0],"7":[0,0]},"_coverageSchema":"1a1c01bbd47fc00a2c39e90264f33305004495a9","hash":"5e4042db1a149d84ad607105280bb87743c2aaeb"}
,"/home/robo/code/honey-do/services/react/src/components/TodoList/TodoList.tsx": {"path":"/home/robo/code/honey-do/services/react/src/components/TodoList/TodoList.tsx","statementMap":{"0":{"start":{"line":19,"column":43},"end":{"line":111,"column":1}},"1":{"start":{"line":27,"column":24},"end":{"line":36,"column":21}},"2":{"start":{"line":28,"column":4},"end":{"line":35,"column":5}},"3":{"start":{"line":30,"column":8},"end":{"line":30,"column":53}},"4":{"start":{"line":30,"column":36},"end":{"line":30,"column":51}},"5":{"start":{"line":32,"column":8},"end":{"line":32,"column":52}},"6":{"start":{"line":32,"column":36},"end":{"line":32,"column":50}},"7":{"start":{"line":34,"column":8},"end":{"line":34,"column":21}},"8":{"start":{"line":38,"column":27},"end":{"line":38,"column":95}},"9":{"start":{"line":38,"column":41},"end":{"line":38,"column":85}},"10":{"start":{"line":38,"column":62},"end":{"line":38,"column":77}},"11":{"start":{"line":40,"column":28},"end":{"line":40,"column":86}},"12":{"start":{"line":40,"column":42},"end":{"line":40,"column":76}},"13":{"start":{"line":40,"column":61},"end":{"line":40,"column":75}},"14":{"start":{"line":42,"column":29},"end":{"line":47,"column":3}},"15":{"start":{"line":43,"column":31},"end":{"line":45,"column":5}},"16":{"start":{"line":44,"column":6},"end":{"line":44,"column":29}},"17":{"start":{"line":49,"column":31},"end":{"line":58,"column":3}},"18":{"start":{"line":50,"column":4},"end":{"line":57,"column":5}},"19":{"start":{"line":52,"column":8},"end":{"line":52,"column":41}},"20":{"start":{"line":54,"column":8},"end":{"line":54,"column":52}},"21":{"start":{"line":56,"column":8},"end":{"line":56,"column":67}},"22":{"start":{"line":60,"column":2},"end":{"line":110,"column":4}},"23":{"start":{"line":67,"column":12},"end":{"line":67,"column":90}}},"fnMap":{"0":{"name":"(anonymous_0)","decl":{"start":{"line":19,"column":43},"end":{"line":19,"column":44}},"loc":{"start":{"line":26,"column":6},"end":{"line":111,"column":1}},"line":26},"1":{"name":"(anonymous_1)","decl":{"start":{"line":27,"column":32},"end":{"line":27,"column":33}},"loc":{"start":{"line":27,"column":38},"end":{"line":36,"column":3}},"line":27},"2":{"name":"(anonymous_2)","decl":{"start":{"line":30,"column":28},"end":{"line":30,"column":29}},"loc":{"start":{"line":30,"column":36},"end":{"line":30,"column":51}},"line":30},"3":{"name":"(anonymous_3)","decl":{"start":{"line":32,"column":28},"end":{"line":32,"column":29}},"loc":{"start":{"line":32,"column":36},"end":{"line":32,"column":50}},"line":32},"4":{"name":"(anonymous_4)","decl":{"start":{"line":38,"column":35},"end":{"line":38,"column":36}},"loc":{"start":{"line":38,"column":41},"end":{"line":38,"column":85}},"line":38},"5":{"name":"(anonymous_5)","decl":{"start":{"line":38,"column":54},"end":{"line":38,"column":55}},"loc":{"start":{"line":38,"column":62},"end":{"line":38,"column":77}},"line":38},"6":{"name":"(anonymous_6)","decl":{"start":{"line":40,"column":36},"end":{"line":40,"column":37}},"loc":{"start":{"line":40,"column":42},"end":{"line":40,"column":76}},"line":40},"7":{"name":"(anonymous_7)","decl":{"start":{"line":40,"column":53},"end":{"line":40,"column":54}},"loc":{"start":{"line":40,"column":61},"end":{"line":40,"column":75}},"line":40},"8":{"name":"(anonymous_8)","decl":{"start":{"line":43,"column":4},"end":{"line":43,"column":5}},"loc":{"start":{"line":43,"column":31},"end":{"line":45,"column":5}},"line":43},"9":{"name":"(anonymous_9)","decl":{"start":{"line":43,"column":31},"end":{"line":43,"column":32}},"loc":{"start":{"line":43,"column":43},"end":{"line":45,"column":5}},"line":43},"10":{"name":"(anonymous_10)","decl":{"start":{"line":49,"column":31},"end":{"line":49,"column":32}},"loc":{"start":{"line":49,"column":45},"end":{"line":58,"column":3}},"line":49},"11":{"name":"(anonymous_11)","decl":{"start":{"line":66,"column":28},"end":{"line":66,"column":29}},"loc":{"start":{"line":67,"column":12},"end":{"line":67,"column":90}},"line":67}},"branchMap":{"0":{"loc":{"start":{"line":28,"column":4},"end":{"line":35,"column":5}},"type":"switch","locations":[{"start":{"line":29,"column":6},"end":{"line":30,"column":53}},{"start":{"line":31,"column":6},"end":{"line":32,"column":52}},{"start":{"line":33,"column":6},"end":{"line":34,"column":21}}],"line":28},"1":{"loc":{"start":{"line":50,"column":4},"end":{"line":57,"column":5}},"type":"switch","locations":[{"start":{"line":51,"column":6},"end":{"line":52,"column":41}},{"start":{"line":53,"column":6},"end":{"line":54,"column":52}},{"start":{"line":55,"column":6},"end":{"line":56,"column":67}}],"line":50},"2":{"loc":{"start":{"line":63,"column":9},"end":{"line":69,"column":9}},"type":"cond-expr","locations":[{"start":{"line":64,"column":10},"end":{"line":64,"column":75}},{"start":{"line":66,"column":10},"end":{"line":68,"column":12}}],"line":63},"3":{"loc":{"start":{"line":72,"column":7},"end":{"line":108,"column":7}},"type":"binary-expr","locations":[{"start":{"line":72,"column":7},"end":{"line":72,"column":23}},{"start":{"line":73,"column":8},"end":{"line":107,"column":14}}],"line":72},"4":{"loc":{"start":{"line":75,"column":32},"end":{"line":75,"column":73}},"type":"cond-expr","locations":[{"start":{"line":75,"column":57},"end":{"line":75,"column":63}},{"start":{"line":75,"column":66},"end":{"line":75,"column":73}}],"line":75},"5":{"loc":{"start":{"line":80,"column":51},"end":{"line":80,"column":88}},"type":"cond-expr","locations":[{"start":{"line":80,"column":70},"end":{"line":80,"column":83}},{"start":{"line":80,"column":86},"end":{"line":80,"column":88}}],"line":80},"6":{"loc":{"start":{"line":87,"column":51},"end":{"line":87,"column":91}},"type":"cond-expr","locations":[{"start":{"line":87,"column":73},"end":{"line":87,"column":86}},{"start":{"line":87,"column":89},"end":{"line":87,"column":91}}],"line":87},"7":{"loc":{"start":{"line":94,"column":51},"end":{"line":94,"column":94}},"type":"cond-expr","locations":[{"start":{"line":94,"column":76},"end":{"line":94,"column":89}},{"start":{"line":94,"column":92},"end":{"line":94,"column":94}}],"line":94},"8":{"loc":{"start":{"line":102,"column":11},"end":{"line":106,"column":11}},"type":"binary-expr","locations":[{"start":{"line":102,"column":11},"end":{"line":102,"column":28}},{"start":{"line":103,"column":12},"end":{"line":105,"column":21}}],"line":102}},"s":{"0":0,"1":0,"2":0,"3":0,"4":0,"5":0,"6":0,"7":0,"8":0,"9":0,"10":0,"11":0,"12":0,"13":0,"14":0,"15":0,"16":0,"17":0,"18":0,"19":0,"20":0,"21":0,"22":0,"23":0},"f":{"0":0,"1":0,"2":0,"3":0,"4":0,"5":0,"6":0,"7":0,"8":0,"9":0,"10":0,"11":0},"b":{"0":[0,0,0],"1":[0,0,0],"2":[0,0],"3":[0,0],"4":[0,0],"5":[0,0],"6":[0,0],"7":[0,0],"8":[0,0]}}
,"/home/robo/code/honey-do/services/react/src/context/LanguageContext.tsx": {"path":"/home/robo/code/honey-do/services/react/src/context/LanguageContext.tsx","statementMap":{"0":{"start":{"line":12,"column":24},"end":{"line":12,"column":72}},"1":{"start":{"line":18,"column":52},"end":{"line":18,"column":67}},"2":{"start":{"line":23,"column":59},"end":{"line":54,"column":1}},"3":{"start":{"line":24,"column":34},"end":{"line":31,"column":4}},"4":{"start":{"line":25,"column":4},"end":{"line":30,"column":5}},"5":{"start":{"line":26,"column":20},"end":{"line":26,"column":61}},"6":{"start":{"line":27,"column":6},"end":{"line":27,"column":50}},"7":{"start":{"line":29,"column":6},"end":{"line":29,"column":18}},"8":{"start":{"line":33,"column":16},"end":{"line":33,"column":48}},"9":{"start":{"line":35,"column":2},"end":{"line":41,"column":17}},"10":{"start":{"line":36,"column":4},"end":{"line":40,"column":5}},"11":{"start":{"line":37,"column":6},"end":{"line":37,"column":58}},"12":{"start":{"line":43,"column":25},"end":{"line":45,"column":8}},"13":{"start":{"line":44,"column":4},"end":{"line":44,"column":76}},"14":{"start":{"line":44,"column":46},"end":{"line":44,"column":73}},"15":{"start":{"line":47,"column":38},"end":{"line":51,"column":3}},"16":{"start":{"line":53,"column":2},"end":{"line":53,"column":87}},"17":{"start":{"line":60,"column":27},"end":{"line":66,"column":1}},"18":{"start":{"line":61,"column":18},"end":{"line":61,"column":45}},"19":{"start":{"line":62,"column":2},"end":{"line":64,"column":3}},"20":{"start":{"line":63,"column":4},"end":{"line":63,"column":74}},"21":{"start":{"line":65,"column":2},"end":{"line":65,"column":17}}},"fnMap":{"0":{"name":"(anonymous_0)","decl":{"start":{"line":23,"column":59},"end":{"line":23,"column":60}},"loc":{"start":{"line":23,"column":77},"end":{"line":54,"column":1}},"line":23},"1":{"name":"(anonymous_1)","decl":{"start":{"line":24,"column":62},"end":{"line":24,"column":63}},"loc":{"start":{"line":24,"column":68},"end":{"line":31,"column":3}},"line":24},"2":{"name":"(anonymous_2)","decl":{"start":{"line":35,"column":12},"end":{"line":35,"column":13}},"loc":{"start":{"line":35,"column":18},"end":{"line":41,"column":3}},"line":35},"3":{"name":"(anonymous_3)","decl":{"start":{"line":43,"column":37},"end":{"line":43,"column":38}},"loc":{"start":{"line":43,"column":43},"end":{"line":45,"column":3}},"line":43},"4":{"name":"(anonymous_4)","decl":{"start":{"line":44,"column":16},"end":{"line":44,"column":17}},"loc":{"start":{"line":44,"column":46},"end":{"line":44,"column":73}},"line":44},"5":{"name":"(anonymous_5)","decl":{"start":{"line":60,"column":27},"end":{"line":60,"column":28}},"loc":{"start":{"line":60,"column":55},"end":{"line":66,"column":1}},"line":60}},"branchMap":{"0":{"loc":{"start":{"line":27,"column":13},"end":{"line":27,"column":49}},"type":"binary-expr","locations":[{"start":{"line":27,"column":14},"end":{"line":27,"column":40}},{"start":{"line":27,"column":45},"end":{"line":27,"column":49}}],"line":27},"1":{"loc":{"start":{"line":44,"column":46},"end":{"line":44,"column":73}},"type":"cond-expr","locations":[{"start":{"line":44,"column":62},"end":{"line":44,"column":66}},{"start":{"line":44,"column":69},"end":{"line":44,"column":73}}],"line":44},"2":{"loc":{"start":{"line":62,"column":2},"end":{"line":64,"column":3}},"type":"if","locations":[{"start":{"line":62,"column":2},"end":{"line":64,"column":3}},{"start":{},"end":{}}],"line":62}},"s":{"0":0,"1":0,"2":0,"3":0,"4":0,"5":0,"6":0,"7":0,"8":0,"9":0,"10":0,"11":0,"12":0,"13":0,"14":0,"15":0,"16":0,"17":0,"18":0,"19":0,"20":0,"21":0},"f":{"0":0,"1":0,"2":0,"3":0,"4":0,"5":0},"b":{"0":[0,0],"1":[0,0],"2":[0,0]}}
,"/home/robo/code/honey-do/services/react/src/context/ThemeContext.tsx": {"path":"/home/robo/code/honey-do/services/react/src/context/ThemeContext.tsx","statementMap":{"0":{"start":{"line":9,"column":21},"end":{"line":9,"column":66}},"1":{"start":{"line":18,"column":53},"end":{"line":46,"column":1}},"2":{"start":{"line":19,"column":36},"end":{"line":26,"column":4}},"3":{"start":{"line":20,"column":4},"end":{"line":25,"column":5}},"4":{"start":{"line":21,"column":20},"end":{"line":21,"column":58}},"5":{"start":{"line":22,"column":6},"end":{"line":22,"column":46}},"6":{"start":{"line":24,"column":6},"end":{"line":24,"column":18}},"7":{"start":{"line":28,"column":2},"end":{"line":34,"column":18}},"8":{"start":{"line":29,"column":4},"end":{"line":33,"column":5}},"9":{"start":{"line":30,"column":6},"end":{"line":30,"column":72}},"10":{"start":{"line":36,"column":22},"end":{"line":38,"column":8}},"11":{"start":{"line":37,"column":4},"end":{"line":37,"column":43}},"12":{"start":{"line":37,"column":36},"end":{"line":37,"column":41}},"13":{"start":{"line":40,"column":35},"end":{"line":43,"column":3}},"14":{"start":{"line":45,"column":2},"end":{"line":45,"column":81}},"15":{"start":{"line":52,"column":24},"end":{"line":58,"column":1}},"16":{"start":{"line":53,"column":18},"end":{"line":53,"column":42}},"17":{"start":{"line":54,"column":2},"end":{"line":56,"column":3}},"18":{"start":{"line":55,"column":4},"end":{"line":55,"column":68}},"19":{"start":{"line":57,"column":2},"end":{"line":57,"column":17}}},"fnMap":{"0":{"name":"(anonymous_0)","decl":{"start":{"line":18,"column":53},"end":{"line":18,"column":54}},"loc":{"start":{"line":18,"column":71},"end":{"line":46,"column":1}},"line":18},"1":{"name":"(anonymous_1)","decl":{"start":{"line":19,"column":45},"end":{"line":19,"column":46}},"loc":{"start":{"line":19,"column":51},"end":{"line":26,"column":3}},"line":19},"2":{"name":"(anonymous_2)","decl":{"start":{"line":28,"column":12},"end":{"line":28,"column":13}},"loc":{"start":{"line":28,"column":18},"end":{"line":34,"column":3}},"line":28},"3":{"name":"(anonymous_3)","decl":{"start":{"line":36,"column":34},"end":{"line":36,"column":35}},"loc":{"start":{"line":36,"column":40},"end":{"line":38,"column":3}},"line":36},"4":{"name":"(anonymous_4)","decl":{"start":{"line":37,"column":17},"end":{"line":37,"column":18}},"loc":{"start":{"line":37,"column":36},"end":{"line":37,"column":41}},"line":37},"5":{"name":"(anonymous_5)","decl":{"start":{"line":52,"column":24},"end":{"line":52,"column":25}},"loc":{"start":{"line":52,"column":49},"end":{"line":58,"column":1}},"line":52}},"branchMap":{"0":{"loc":{"start":{"line":22,"column":13},"end":{"line":22,"column":45}},"type":"cond-expr","locations":[{"start":{"line":22,"column":21},"end":{"line":22,"column":38}},{"start":{"line":22,"column":41},"end":{"line":22,"column":45}}],"line":22},"1":{"loc":{"start":{"line":54,"column":2},"end":{"line":56,"column":3}},"type":"if","locations":[{"start":{"line":54,"column":2},"end":{"line":56,"column":3}},{"start":{},"end":{}}],"line":54}},"s":{"0":1,"1":1,"2":1,"3":1,"4":1,"5":1,"6":0,"7":1,"8":1,"9":1,"10":1,"11":0,"12":0,"13":1,"14":1,"15":1,"16":2,"17":2,"18":0,"19":2},"f":{"0":1,"1":1,"2":1,"3":0,"4":0,"5":2},"b":{"0":[0,1],"1":[0,2]},"_coverageSchema":"1a1c01bbd47fc00a2c39e90264f33305004495a9","hash":"c022208fec7bb4463fbb976a6d006e94ecfabee9"}
,"/home/robo/code/honey-do/services/react/src/core/Footer.tsx": {"path":"/home/robo/code/honey-do/services/react/src/core/Footer.tsx","statementMap":{"0":{"start":{"line":6,"column":26},"end":{"line":21,"column":1}},"1":{"start":{"line":7,"column":2},"end":{"line":20,"column":4}}},"fnMap":{"0":{"name":"(anonymous_0)","decl":{"start":{"line":6,"column":26},"end":{"line":6,"column":27}},"loc":{"start":{"line":6,"column":32},"end":{"line":21,"column":1}},"line":6}},"branchMap":{},"s":{"0":1,"1":1},"f":{"0":1},"b":{},"_coverageSchema":"1a1c01bbd47fc00a2c39e90264f33305004495a9","hash":"3b5bd1f59b6f5e28d2123655e85debad10a2f4ba"}
,"/home/robo/code/honey-do/services/react/src/core/Header.tsx": {"path":"/home/robo/code/honey-do/services/react/src/core/Header.tsx","statementMap":{"0":{"start":{"line":7,"column":26},"end":{"line":38,"column":1}},"1":{"start":{"line":8,"column":37},"end":{"line":8,"column":47}},"2":{"start":{"line":10,"column":2},"end":{"line":37,"column":4}}},"fnMap":{"0":{"name":"(anonymous_0)","decl":{"start":{"line":7,"column":26},"end":{"line":7,"column":27}},"loc":{"start":{"line":7,"column":32},"end":{"line":38,"column":1}},"line":7}},"branchMap":{"0":{"loc":{"start":{"line":32,"column":33},"end":{"line":32,"column":61}},"type":"cond-expr","locations":[{"start":{"line":32,"column":45},"end":{"line":32,"column":52}},{"start":{"line":32,"column":55},"end":{"line":32,"column":61}}],"line":32},"1":{"loc":{"start":{"line":34,"column":9},"end":{"line":34,"column":32}},"type":"cond-expr","locations":[{"start":{"line":34,"column":21},"end":{"line":34,"column":25}},{"start":{"line":34,"column":28},"end":{"line":34,"column":32}}],"line":34}},"s":{"0":1,"1":1,"2":1},"f":{"0":1},"b":{"0":[1,0],"1":[1,0]},"_coverageSchema":"1a1c01bbd47fc00a2c39e90264f33305004495a9","hash":"ef9e40c2c438f7b43e9d94b293f7a0e8a141fae3"}
,"/home/robo/code/honey-do/services/react/src/core/Nav.tsx": {"path":"/home/robo/code/honey-do/services/react/src/core/Nav.tsx","statementMap":{"0":{"start":{"line":9,"column":17},"end":{"line":15,"column":1}},"1":{"start":{"line":20,"column":33},"end":{"line":38,"column":1}},"2":{"start":{"line":21,"column":2},"end":{"line":37,"column":4}},"3":{"start":{"line":25,"column":10},"end":{"line":33,"column":15}},"4":{"start":{"line":28,"column":29},"end":{"line":28,"column":48}}},"fnMap":{"0":{"name":"(anonymous_0)","decl":{"start":{"line":20,"column":33},"end":{"line":20,"column":34}},"loc":{"start":{"line":20,"column":66},"end":{"line":38,"column":1}},"line":20},"1":{"name":"(anonymous_1)","decl":{"start":{"line":24,"column":22},"end":{"line":24,"column":23}},"loc":{"start":{"line":25,"column":10},"end":{"line":33,"column":15}},"line":25},"2":{"name":"(anonymous_2)","decl":{"start":{"line":28,"column":23},"end":{"line":28,"column":24}},"loc":{"start":{"line":28,"column":29},"end":{"line":28,"column":48}},"line":28}},"branchMap":{"0":{"loc":{"start":{"line":27,"column":48},"end":{"line":27,"column":92}},"type":"cond-expr","locations":[{"start":{"line":27,"column":74},"end":{"line":27,"column":87}},{"start":{"line":27,"column":90},"end":{"line":27,"column":92}}],"line":27}},"s":{"0":1,"1":1,"2":1,"3":5,"4":0},"f":{"0":1,"1":5,"2":0},"b":{"0":[1,4]},"_coverageSchema":"1a1c01bbd47fc00a2c39e90264f33305004495a9","hash":"b540fcb4d0715aaf57045a4ecab65ab0ec2d08d6"}
,"/home/robo/code/honey-do/services/react/src/core/index.ts": {"path":"/home/robo/code/honey-do/services/react/src/core/index.ts","statementMap":{},"fnMap":{},"branchMap":{},"s":{},"f":{},"b":{},"_coverageSchema":"1a1c01bbd47fc00a2c39e90264f33305004495a9","hash":"f7c9d6d6e20bdda0953abbfd4decf1102f51d031"}
,"/home/robo/code/honey-do/services/react/src/hooks/useTodos.ts": {"path":"/home/robo/code/honey-do/services/react/src/hooks/useTodos.ts","statementMap":{"0":{"start":{"line":28,"column":24},"end":{"line":151,"column":1}},"1":{"start":{"line":29,"column":28},"end":{"line":29,"column":57}},"2":{"start":{"line":30,"column":30},"end":{"line":30,"column":57}},"3":{"start":{"line":32,"column":21},"end":{"line":53,"column":8}},"4":{"start":{"line":33,"column":4},"end":{"line":52,"column":5}},"5":{"start":{"line":34,"column":27},"end":{"line":34,"column":43}},"6":{"start":{"line":38,"column":29},"end":{"line":48,"column":9}},"7":{"start":{"line":38,"column":62},"end":{"line":48,"column":7}},"8":{"start":{"line":49,"column":6},"end":{"line":49,"column":31}},"9":{"start":{"line":51,"column":6},"end":{"line":51,"column":52}},"10":{"start":{"line":56,"column":2},"end":{"line":58,"column":19}},"11":{"start":{"line":57,"column":4},"end":{"line":57,"column":17}},"12":{"start":{"line":60,"column":18},"end":{"line":106,"column":3}},"13":{"start":{"line":71,"column":6},"end":{"line":103,"column":7}},"14":{"start":{"line":74,"column":8},"end":{"line":79,"column":9}},"15":{"start":{"line":75,"column":10},"end":{"line":78,"column":12}},"16":{"start":{"line":81,"column":43},"end":{"line":90,"column":9}},"17":{"start":{"line":92,"column":28},"end":{"line":92,"column":57}},"18":{"start":{"line":94,"column":30},"end":{"line":98,"column":9}},"19":{"start":{"line":100,"column":8},"end":{"line":100,"column":51}},"20":{"start":{"line":100,"column":25},"end":{"line":100,"column":49}},"21":{"start":{"line":102,"column":8},"end":{"line":102,"column":51}},"22":{"start":{"line":108,"column":21},"end":{"line":120,"column":13}},"23":{"start":{"line":109,"column":4},"end":{"line":119,"column":5}},"24":{"start":{"line":110,"column":19},"end":{"line":110,"column":47}},"25":{"start":{"line":110,"column":35},"end":{"line":110,"column":46}},"26":{"start":{"line":111,"column":6},"end":{"line":111,"column":24}},"27":{"start":{"line":111,"column":17},"end":{"line":111,"column":24}},"28":{"start":{"line":113,"column":22},"end":{"line":113,"column":77}},"29":{"start":{"line":114,"column":6},"end":{"line":116,"column":8}},"30":{"start":{"line":115,"column":8},"end":{"line":115,"column":81}},"31":{"start":{"line":115,"column":23},"end":{"line":115,"column":79}},"32":{"start":{"line":118,"column":6},"end":{"line":118,"column":51}},"33":{"start":{"line":122,"column":21},"end":{"line":129,"column":8}},"34":{"start":{"line":123,"column":4},"end":{"line":128,"column":5}},"35":{"start":{"line":124,"column":6},"end":{"line":124,"column":30}},"36":{"start":{"line":125,"column":6},"end":{"line":125,"column":60}},"37":{"start":{"line":125,"column":23},"end":{"line":125,"column":58}},"38":{"start":{"line":125,"column":43},"end":{"line":125,"column":57}},"39":{"start":{"line":127,"column":6},"end":{"line":127,"column":51}},"40":{"start":{"line":131,"column":25},"end":{"line":139,"column":13}},"41":{"start":{"line":132,"column":4},"end":{"line":138,"column":5}},"42":{"start":{"line":133,"column":29},"end":{"line":133,"column":65}},"43":{"start":{"line":133,"column":50},"end":{"line":133,"column":64}},"44":{"start":{"line":134,"column":6},"end":{"line":134,"column":76}},"45":{"start":{"line":134,"column":51},"end":{"line":134,"column":73}},"46":{"start":{"line":135,"column":6},"end":{"line":135,"column":61}},"47":{"start":{"line":135,"column":23},"end":{"line":135,"column":59}},"48":{"start":{"line":135,"column":43},"end":{"line":135,"column":58}},"49":{"start":{"line":137,"column":6},"end":{"line":137,"column":62}},"50":{"start":{"line":141,"column":2},"end":{"line":150,"column":4}}},"fnMap":{"0":{"name":"(anonymous_0)","decl":{"start":{"line":28,"column":24},"end":{"line":28,"column":25}},"loc":{"start":{"line":28,"column":46},"end":{"line":151,"column":1}},"line":28},"1":{"name":"(anonymous_1)","decl":{"start":{"line":32,"column":33},"end":{"line":32,"column":34}},"loc":{"start":{"line":32,"column":45},"end":{"line":53,"column":3}},"line":32},"2":{"name":"(anonymous_2)","decl":{"start":{"line":38,"column":46},"end":{"line":38,"column":47}},"loc":{"start":{"line":38,"column":62},"end":{"line":48,"column":7}},"line":38},"3":{"name":"(anonymous_3)","decl":{"start":{"line":56,"column":12},"end":{"line":56,"column":13}},"loc":{"start":{"line":56,"column":18},"end":{"line":58,"column":3}},"line":56},"4":{"name":"(anonymous_4)","decl":{"start":{"line":61,"column":4},"end":{"line":61,"column":5}},"loc":{"start":{"line":70,"column":25},"end":{"line":104,"column":5}},"line":70},"5":{"name":"(anonymous_5)","decl":{"start":{"line":100,"column":17},"end":{"line":100,"column":18}},"loc":{"start":{"line":100,"column":25},"end":{"line":100,"column":49}},"line":100},"6":{"name":"(anonymous_6)","decl":{"start":{"line":108,"column":33},"end":{"line":108,"column":34}},"loc":{"start":{"line":108,"column":70},"end":{"line":120,"column":3}},"line":108},"7":{"name":"(anonymous_7)","decl":{"start":{"line":110,"column":30},"end":{"line":110,"column":31}},"loc":{"start":{"line":110,"column":35},"end":{"line":110,"column":46}},"line":110},"8":{"name":"(anonymous_8)","decl":{"start":{"line":114,"column":15},"end":{"line":114,"column":16}},"loc":{"start":{"line":115,"column":8},"end":{"line":115,"column":81}},"line":115},"9":{"name":"(anonymous_9)","decl":{"start":{"line":115,"column":17},"end":{"line":115,"column":18}},"loc":{"start":{"line":115,"column":23},"end":{"line":115,"column":79}},"line":115},"10":{"name":"(anonymous_10)","decl":{"start":{"line":122,"column":33},"end":{"line":122,"column":34}},"loc":{"start":{"line":122,"column":70},"end":{"line":129,"column":3}},"line":122},"11":{"name":"(anonymous_11)","decl":{"start":{"line":125,"column":15},"end":{"line":125,"column":16}},"loc":{"start":{"line":125,"column":23},"end":{"line":125,"column":58}},"line":125},"12":{"name":"(anonymous_12)","decl":{"start":{"line":125,"column":35},"end":{"line":125,"column":36}},"loc":{"start":{"line":125,"column":43},"end":{"line":125,"column":57}},"line":125},"13":{"name":"(anonymous_13)","decl":{"start":{"line":131,"column":37},"end":{"line":131,"column":38}},"loc":{"start":{"line":131,"column":64},"end":{"line":139,"column":3}},"line":131},"14":{"name":"(anonymous_14)","decl":{"start":{"line":133,"column":42},"end":{"line":133,"column":43}},"loc":{"start":{"line":133,"column":50},"end":{"line":133,"column":64}},"line":133},"15":{"name":"(anonymous_15)","decl":{"start":{"line":134,"column":43},"end":{"line":134,"column":44}},"loc":{"start":{"line":134,"column":51},"end":{"line":134,"column":73}},"line":134},"16":{"name":"(anonymous_16)","decl":{"start":{"line":135,"column":15},"end":{"line":135,"column":16}},"loc":{"start":{"line":135,"column":23},"end":{"line":135,"column":59}},"line":135},"17":{"name":"(anonymous_17)","decl":{"start":{"line":135,"column":35},"end":{"line":135,"column":36}},"loc":{"start":{"line":135,"column":43},"end":{"line":135,"column":58}},"line":135}},"branchMap":{"0":{"loc":{"start":{"line":41,"column":12},"end":{"line":41,"column":63}},"type":"binary-expr","locations":[{"start":{"line":41,"column":12},"end":{"line":41,"column":24}},{"start":{"line":41,"column":28},"end":{"line":41,"column":63}}],"line":41},"1":{"loc":{"start":{"line":42,"column":12},"end":{"line":47,"column":9}},"type":"binary-expr","locations":[{"start":{"line":42,"column":12},"end":{"line":42,"column":36}},{"start":{"line":42,"column":40},"end":{"line":47,"column":9}}],"line":42},"2":{"loc":{"start":{"line":74,"column":8},"end":{"line":79,"column":9}},"type":"if","locations":[{"start":{"line":74,"column":8},"end":{"line":79,"column":9}},{"start":{},"end":{}}],"line":74},"3":{"loc":{"start":{"line":83,"column":14},"end":{"line":83,"column":75}},"type":"binary-expr","locations":[{"start":{"line":83,"column":14},"end":{"line":83,"column":34}},{"start":{"line":83,"column":38},"end":{"line":83,"column":75}}],"line":83},"4":{"loc":{"start":{"line":84,"column":14},"end":{"line":84,"column":63}},"type":"binary-expr","locations":[{"start":{"line":84,"column":14},"end":{"line":84,"column":30}},{"start":{"line":84,"column":34},"end":{"line":84,"column":63}}],"line":84},"5":{"loc":{"start":{"line":86,"column":14},"end":{"line":86,"column":66}},"type":"binary-expr","locations":[{"start":{"line":86,"column":14},"end":{"line":86,"column":31}},{"start":{"line":86,"column":35},"end":{"line":86,"column":66}}],"line":86},"6":{"loc":{"start":{"line":87,"column":14},"end":{"line":87,"column":66}},"type":"binary-expr","locations":[{"start":{"line":87,"column":14},"end":{"line":87,"column":31}},{"start":{"line":87,"column":35},"end":{"line":87,"column":66}}],"line":87},"7":{"loc":{"start":{"line":88,"column":14},"end":{"line":88,"column":42}},"type":"binary-expr","locations":[{"start":{"line":88,"column":14},"end":{"line":88,"column":24}},{"start":{"line":88,"column":28},"end":{"line":88,"column":42}}],"line":88},"8":{"loc":{"start":{"line":97,"column":16},"end":{"line":97,"column":81}},"type":"binary-expr","locations":[{"start":{"line":97,"column":16},"end":{"line":97,"column":35}},{"start":{"line":97,"column":39},"end":{"line":97,"column":81}}],"line":97},"9":{"loc":{"start":{"line":111,"column":6},"end":{"line":111,"column":24}},"type":"if","locations":[{"start":{"line":111,"column":6},"end":{"line":111,"column":24}},{"start":{},"end":{}}],"line":111},"10":{"loc":{"start":{"line":115,"column":23},"end":{"line":115,"column":79}},"type":"cond-expr","locations":[{"start":{"line":115,"column":37},"end":{"line":115,"column":75}},{"start":{"line":115,"column":78},"end":{"line":115,"column":79}}],"line":115}},"s":{"0":1,"1":1,"2":1,"3":1,"4":1,"5":1,"6":0,"7":0,"8":0,"9":0,"10":1,"11":1,"12":1,"13":0,"14":0,"15":0,"16":0,"17":0,"18":0,"19":0,"20":0,"21":0,"22":1,"23":0,"24":0,"25":0,"26":0,"27":0,"28":0,"29":0,"30":0,"31":0,"32":0,"33":1,"34":0,"35":0,"36":0,"37":0,"38":0,"39":0,"40":1,"41":0,"42":0,"43":0,"44":0,"45":0,"46":0,"47":0,"48":0,"49":0,"50":1},"f":{"0":1,"1":1,"2":0,"3":1,"4":0,"5":0,"6":0,"7":0,"8":0,"9":0,"10":0,"11":0,"12":0,"13":0,"14":0,"15":0,"16":0,"17":0},"b":{"0":[0,0],"1":[0,0],"2":[0,0],"3":[0,0],"4":[0,0],"5":[0,0],"6":[0,0],"7":[0,0],"8":[0,0],"9":[0,0],"10":[0,0]},"_coverageSchema":"1a1c01bbd47fc00a2c39e90264f33305004495a9","hash":"0f901f1b3486411b890b9c46efd870809964bdb3"}
,"/home/robo/code/honey-do/services/react/src/pages/index.ts": {"path":"/home/robo/code/honey-do/services/react/src/pages/index.ts","statementMap":{},"fnMap":{},"branchMap":{},"s":{},"f":{},"b":{},"_coverageSchema":"1a1c01bbd47fc00a2c39e90264f33305004495a9","hash":"e506705d1ccc3553365483de0ee2806fc8775320"}
,"/home/robo/code/honey-do/services/react/src/pages/Archive/Archive.tsx": {"path":"/home/robo/code/honey-do/services/react/src/pages/Archive/Archive.tsx","statementMap":{"0":{"start":{"line":7,"column":27},"end":{"line":25,"column":1}},"1":{"start":{"line":8,"column":44},"end":{"line":8,"column":54}},"2":{"start":{"line":10,"column":25},"end":{"line":12,"column":13}},"3":{"start":{"line":11,"column":4},"end":{"line":11,"column":48}},"4":{"start":{"line":11,"column":32},"end":{"line":11,"column":46}},"5":{"start":{"line":14,"column":2},"end":{"line":24,"column":4}},"6":{"start":{"line":19,"column":10},"end":{"line":19,"column":92}}},"fnMap":{"0":{"name":"(anonymous_0)","decl":{"start":{"line":7,"column":27},"end":{"line":7,"column":28}},"loc":{"start":{"line":7,"column":33},"end":{"line":25,"column":1}},"line":7},"1":{"name":"(anonymous_1)","decl":{"start":{"line":10,"column":33},"end":{"line":10,"column":34}},"loc":{"start":{"line":10,"column":39},"end":{"line":12,"column":3}},"line":10},"2":{"name":"(anonymous_2)","decl":{"start":{"line":11,"column":24},"end":{"line":11,"column":25}},"loc":{"start":{"line":11,"column":32},"end":{"line":11,"column":46}},"line":11},"3":{"name":"(anonymous_3)","decl":{"start":{"line":18,"column":28},"end":{"line":18,"column":29}},"loc":{"start":{"line":19,"column":10},"end":{"line":19,"column":92}},"line":19}},"branchMap":{"0":{"loc":{"start":{"line":21,"column":9},"end":{"line":21,"column":94}},"type":"binary-expr","locations":[{"start":{"line":21,"column":9},"end":{"line":21,"column":36}},{"start":{"line":21,"column":40},"end":{"line":21,"column":94}}],"line":21}},"s":{"0":1,"1":0,"2":0,"3":0,"4":0,"5":0,"6":0},"f":{"0":0,"1":0,"2":0,"3":0},"b":{"0":[0,0]},"_coverageSchema":"1a1c01bbd47fc00a2c39e90264f33305004495a9","hash":"9eb036022e1db401ee1b233605df827ec7416956"}
,"/home/robo/code/honey-do/services/react/src/pages/AssignedToMe/AssignedToMe.tsx": {"path":"/home/robo/code/honey-do/services/react/src/pages/AssignedToMe/AssignedToMe.tsx","statementMap":{"0":{"start":{"line":8,"column":32},"end":{"line":47,"column":1}},"1":{"start":{"line":9,"column":44},"end":{"line":9,"column":54}},"2":{"start":{"line":11,"column":26},"end":{"line":27,"column":13}},"3":{"start":{"line":12,"column":43},"end":{"line":12,"column":45}},"4":{"start":{"line":14,"column":4},"end":{"line":24,"column":7}},"5":{"start":{"line":14,"column":22},"end":{"line":14,"column":32}},"6":{"start":{"line":15,"column":6},"end":{"line":23,"column":7}},"7":{"start":{"line":16,"column":8},"end":{"line":18,"column":9}},"8":{"start":{"line":17,"column":10},"end":{"line":17,"column":37}},"9":{"start":{"line":19,"column":22},"end":{"line":19,"column":43}},"10":{"start":{"line":20,"column":8},"end":{"line":22,"column":9}},"11":{"start":{"line":21,"column":10},"end":{"line":21,"column":27}},"12":{"start":{"line":26,"column":4},"end":{"line":26,"column":18}},"13":{"start":{"line":29,"column":2},"end":{"line":46,"column":4}},"14":{"start":{"line":33,"column":8},"end":{"line":40,"column":14}},"15":{"start":{"line":34,"column":54},"end":{"line":34,"column":66}},"16":{"start":{"line":37,"column":14},"end":{"line":37,"column":96}}},"fnMap":{"0":{"name":"(anonymous_0)","decl":{"start":{"line":8,"column":32},"end":{"line":8,"column":33}},"loc":{"start":{"line":8,"column":38},"end":{"line":47,"column":1}},"line":8},"1":{"name":"(anonymous_1)","decl":{"start":{"line":11,"column":34},"end":{"line":11,"column":35}},"loc":{"start":{"line":11,"column":40},"end":{"line":27,"column":3}},"line":11},"2":{"name":"(anonymous_2)","decl":{"start":{"line":14,"column":17},"end":{"line":14,"column":18}},"loc":{"start":{"line":14,"column":22},"end":{"line":14,"column":32}},"line":14},"3":{"name":"(anonymous_3)","decl":{"start":{"line":14,"column":42},"end":{"line":14,"column":43}},"loc":{"start":{"line":14,"column":50},"end":{"line":24,"column":5}},"line":14},"4":{"name":"(anonymous_4)","decl":{"start":{"line":32,"column":43},"end":{"line":32,"column":44}},"loc":{"start":{"line":33,"column":8},"end":{"line":40,"column":14}},"line":33},"5":{"name":"(anonymous_5)","decl":{"start":{"line":34,"column":49},"end":{"line":34,"column":50}},"loc":{"start":{"line":34,"column":54},"end":{"line":34,"column":66}},"line":34},"6":{"name":"(anonymous_6)","decl":{"start":{"line":36,"column":31},"end":{"line":36,"column":32}},"loc":{"start":{"line":37,"column":14},"end":{"line":37,"column":96}},"line":37}},"branchMap":{"0":{"loc":{"start":{"line":15,"column":6},"end":{"line":23,"column":7}},"type":"if","locations":[{"start":{"line":15,"column":6},"end":{"line":23,"column":7}},{"start":{},"end":{}}],"line":15},"1":{"loc":{"start":{"line":16,"column":8},"end":{"line":18,"column":9}},"type":"if","locations":[{"start":{"line":16,"column":8},"end":{"line":18,"column":9}},{"start":{},"end":{}}],"line":16},"2":{"loc":{"start":{"line":20,"column":8},"end":{"line":22,"column":9}},"type":"if","locations":[{"start":{"line":20,"column":8},"end":{"line":22,"column":9}},{"start":{},"end":{}}],"line":20},"3":{"loc":{"start":{"line":42,"column":7},"end":{"line":44,"column":7}},"type":"binary-expr","locations":[{"start":{"line":42,"column":7},"end":{"line":42,"column":48}},{"start":{"line":43,"column":8},"end":{"line":43,"column":61}}],"line":42}},"s":{"0":1,"1":0,"2":0,"3":0,"4":0,"5":0,"6":0,"7":0,"8":0,"9":0,"10":0,"11":0,"12":0,"13":0,"14":0,"15":0,"16":0},"f":{"0":0,"1":0,"2":0,"3":0,"4":0,"5":0,"6":0},"b":{"0":[0,0],"1":[0,0],"2":[0,0],"3":[0,0]},"_coverageSchema":"1a1c01bbd47fc00a2c39e90264f33305004495a9","hash":"ca1b58c4d708bceec133008be698af4bb580cb7f"}
,"/home/robo/code/honey-do/services/react/src/pages/Backlog/Backlog.tsx": {"path":"/home/robo/code/honey-do/services/react/src/pages/Backlog/Backlog.tsx","statementMap":{"0":{"start":{"line":8,"column":27},"end":{"line":153,"column":1}},"1":{"start":{"line":9,"column":19},"end":{"line":9,"column":32}},"2":{"start":{"line":10,"column":28},"end":{"line":10,"column":48}},"3":{"start":{"line":11,"column":30},"end":{"line":11,"column":80}},"4":{"start":{"line":12,"column":32},"end":{"line":12,"column":47}},"5":{"start":{"line":14,"column":21},"end":{"line":36,"column":14}},"6":{"start":{"line":15,"column":4},"end":{"line":15,"column":21}},"7":{"start":{"line":16,"column":4},"end":{"line":35,"column":5}},"8":{"start":{"line":18,"column":6},"end":{"line":19,"column":71}},"9":{"start":{"line":18,"column":31},"end":{"line":18,"column":64}},"10":{"start":{"line":19,"column":11},"end":{"line":19,"column":71}},"11":{"start":{"line":19,"column":39},"end":{"line":19,"column":71}},"12":{"start":{"line":21,"column":27},"end":{"line":21,"column":52}},"13":{"start":{"line":24,"column":26},"end":{"line":28,"column":9}},"14":{"start":{"line":24,"column":59},"end":{"line":28,"column":7}},"15":{"start":{"line":30,"column":6},"end":{"line":30,"column":28}},"16":{"start":{"line":32,"column":6},"end":{"line":32,"column":54}},"17":{"start":{"line":34,"column":6},"end":{"line":34,"column":24}},"18":{"start":{"line":38,"column":2},"end":{"line":40,"column":19}},"19":{"start":{"line":39,"column":4},"end":{"line":39,"column":17}},"20":{"start":{"line":42,"column":23},"end":{"line":47,"column":3}},"21":{"start":{"line":43,"column":4},"end":{"line":46,"column":5}},"22":{"start":{"line":44,"column":8},"end":{"line":44,"column":32}},"23":{"start":{"line":45,"column":8},"end":{"line":45,"column":21}},"24":{"start":{"line":49,"column":23},"end":{"line":52,"column":3}},"25":{"start":{"line":50,"column":6},"end":{"line":50,"column":67}},"26":{"start":{"line":51,"column":6},"end":{"line":51,"column":19}},"27":{"start":{"line":54,"column":21},"end":{"line":57,"column":3}},"28":{"start":{"line":55,"column":6},"end":{"line":55,"column":28}},"29":{"start":{"line":55,"column":17},"end":{"line":55,"column":28}},"30":{"start":{"line":56,"column":6},"end":{"line":56,"column":49}},"31":{"start":{"line":59,"column":2},"end":{"line":152,"column":4}},"32":{"start":{"line":66,"column":27},"end":{"line":66,"column":46}},"33":{"start":{"line":72,"column":27},"end":{"line":72,"column":49}},"34":{"start":{"line":78,"column":27},"end":{"line":78,"column":43}},"35":{"start":{"line":104,"column":20},"end":{"line":145,"column":25}},"36":{"start":{"line":109,"column":48},"end":{"line":109,"column":66}},"37":{"start":{"line":117,"column":54},"end":{"line":117,"column":105}},"38":{"start":{"line":130,"column":51},"end":{"line":130,"column":79}},"39":{"start":{"line":137,"column":51},"end":{"line":137,"column":72}}},"fnMap":{"0":{"name":"(anonymous_0)","decl":{"start":{"line":8,"column":27},"end":{"line":8,"column":28}},"loc":{"start":{"line":8,"column":33},"end":{"line":153,"column":1}},"line":8},"1":{"name":"(anonymous_1)","decl":{"start":{"line":14,"column":33},"end":{"line":14,"column":34}},"loc":{"start":{"line":14,"column":45},"end":{"line":36,"column":3}},"line":14},"2":{"name":"(anonymous_2)","decl":{"start":{"line":24,"column":43},"end":{"line":24,"column":44}},"loc":{"start":{"line":24,"column":59},"end":{"line":28,"column":7}},"line":24},"3":{"name":"(anonymous_3)","decl":{"start":{"line":38,"column":12},"end":{"line":38,"column":13}},"loc":{"start":{"line":38,"column":18},"end":{"line":40,"column":3}},"line":38},"4":{"name":"(anonymous_4)","decl":{"start":{"line":42,"column":23},"end":{"line":42,"column":24}},"loc":{"start":{"line":42,"column":45},"end":{"line":47,"column":3}},"line":42},"5":{"name":"(anonymous_5)","decl":{"start":{"line":49,"column":23},"end":{"line":49,"column":24}},"loc":{"start":{"line":49,"column":45},"end":{"line":52,"column":3}},"line":49},"6":{"name":"(anonymous_6)","decl":{"start":{"line":54,"column":21},"end":{"line":54,"column":22}},"loc":{"start":{"line":54,"column":38},"end":{"line":57,"column":3}},"line":54},"7":{"name":"(anonymous_7)","decl":{"start":{"line":66,"column":21},"end":{"line":66,"column":22}},"loc":{"start":{"line":66,"column":27},"end":{"line":66,"column":46}},"line":66},"8":{"name":"(anonymous_8)","decl":{"start":{"line":72,"column":21},"end":{"line":72,"column":22}},"loc":{"start":{"line":72,"column":27},"end":{"line":72,"column":49}},"line":72},"9":{"name":"(anonymous_9)","decl":{"start":{"line":78,"column":21},"end":{"line":78,"column":22}},"loc":{"start":{"line":78,"column":27},"end":{"line":78,"column":43}},"line":78},"10":{"name":"(anonymous_10)","decl":{"start":{"line":103,"column":26},"end":{"line":103,"column":27}},"loc":{"start":{"line":104,"column":20},"end":{"line":145,"column":25}},"line":104},"11":{"name":"(anonymous_11)","decl":{"start":{"line":109,"column":42},"end":{"line":109,"column":43}},"loc":{"start":{"line":109,"column":48},"end":{"line":109,"column":66}},"line":109},"12":{"name":"(anonymous_12)","decl":{"start":{"line":117,"column":47},"end":{"line":117,"column":48}},"loc":{"start":{"line":117,"column":54},"end":{"line":117,"column":105}},"line":117},"13":{"name":"(anonymous_13)","decl":{"start":{"line":130,"column":45},"end":{"line":130,"column":46}},"loc":{"start":{"line":130,"column":51},"end":{"line":130,"column":79}},"line":130},"14":{"name":"(anonymous_14)","decl":{"start":{"line":137,"column":45},"end":{"line":137,"column":46}},"loc":{"start":{"line":137,"column":51},"end":{"line":137,"column":72}},"line":137}},"branchMap":{"0":{"loc":{"start":{"line":18,"column":6},"end":{"line":19,"column":71}},"type":"if","locations":[{"start":{"line":18,"column":6},"end":{"line":19,"column":71}},{"start":{"line":19,"column":11},"end":{"line":19,"column":71}}],"line":18},"1":{"loc":{"start":{"line":19,"column":11},"end":{"line":19,"column":71}},"type":"if","locations":[{"start":{"line":19,"column":11},"end":{"line":19,"column":71}},{"start":{},"end":{}}],"line":19},"2":{"loc":{"start":{"line":27,"column":12},"end":{"line":27,"column":63}},"type":"binary-expr","locations":[{"start":{"line":27,"column":12},"end":{"line":27,"column":24}},{"start":{"line":27,"column":28},"end":{"line":27,"column":63}}],"line":27},"3":{"loc":{"start":{"line":43,"column":4},"end":{"line":46,"column":5}},"type":"if","locations":[{"start":{"line":43,"column":4},"end":{"line":46,"column":5}},{"start":{},"end":{}}],"line":43},"4":{"loc":{"start":{"line":55,"column":6},"end":{"line":55,"column":28}},"type":"if","locations":[{"start":{"line":55,"column":6},"end":{"line":55,"column":28}},{"start":{},"end":{}}],"line":55},"5":{"loc":{"start":{"line":65,"column":46},"end":{"line":65,"column":86}},"type":"cond-expr","locations":[{"start":{"line":65,"column":68},"end":{"line":65,"column":81}},{"start":{"line":65,"column":84},"end":{"line":65,"column":86}}],"line":65},"6":{"loc":{"start":{"line":71,"column":46},"end":{"line":71,"column":89}},"type":"cond-expr","locations":[{"start":{"line":71,"column":71},"end":{"line":71,"column":84}},{"start":{"line":71,"column":87},"end":{"line":71,"column":89}}],"line":71},"7":{"loc":{"start":{"line":77,"column":46},"end":{"line":77,"column":83}},"type":"cond-expr","locations":[{"start":{"line":77,"column":65},"end":{"line":77,"column":78}},{"start":{"line":77,"column":81},"end":{"line":77,"column":83}}],"line":77},"8":{"loc":{"start":{"line":98,"column":13},"end":{"line":147,"column":13}},"type":"cond-expr","locations":[{"start":{"line":99,"column":16},"end":{"line":99,"column":83}},{"start":{"line":100,"column":16},"end":{"line":147,"column":13}}],"line":98},"9":{"loc":{"start":{"line":100,"column":16},"end":{"line":147,"column":13}},"type":"cond-expr","locations":[{"start":{"line":101,"column":16},"end":{"line":101,"column":85}},{"start":{"line":103,"column":16},"end":{"line":146,"column":18}}],"line":100},"10":{"loc":{"start":{"line":104,"column":49},"end":{"line":104,"column":90}},"type":"cond-expr","locations":[{"start":{"line":104,"column":66},"end":{"line":104,"column":85}},{"start":{"line":104,"column":88},"end":{"line":104,"column":90}}],"line":104},"11":{"loc":{"start":{"line":115,"column":29},"end":{"line":115,"column":106}},"type":"binary-expr","locations":[{"start":{"line":115,"column":29},"end":{"line":115,"column":45}},{"start":{"line":115,"column":49},"end":{"line":115,"column":106}}],"line":115},"12":{"loc":{"start":{"line":126,"column":29},"end":{"line":126,"column":49}},"type":"binary-expr","locations":[{"start":{"line":126,"column":29},"end":{"line":126,"column":42}},{"start":{"line":126,"column":46},"end":{"line":126,"column":49}}],"line":126}},"s":{"0":1,"1":0,"2":0,"3":0,"4":0,"5":0,"6":0,"7":0,"8":0,"9":0,"10":0,"11":0,"12":0,"13":0,"14":0,"15":0,"16":0,"17":0,"18":0,"19":0,"20":0,"21":0,"22":0,"23":0,"24":0,"25":0,"26":0,"27":0,"28":0,"29":0,"30":0,"31":0,"32":0,"33":0,"34":0,"35":0,"36":0,"37":0,"38":0,"39":0},"f":{"0":0,"1":0,"2":0,"3":0,"4":0,"5":0,"6":0,"7":0,"8":0,"9":0,"10":0,"11":0,"12":0,"13":0,"14":0},"b":{"0":[0,0],"1":[0,0],"2":[0,0],"3":[0,0],"4":[0,0],"5":[0,0],"6":[0,0],"7":[0,0],"8":[0,0],"9":[0,0],"10":[0,0],"11":[0,0],"12":[0,0]},"_coverageSchema":"1a1c01bbd47fc00a2c39e90264f33305004495a9","hash":"811e011c8b8ce373918af64a5076b1c8a5aa0275"}
,"/home/robo/code/honey-do/services/react/src/pages/Dashboard/Dashboard.tsx": {"path":"/home/robo/code/honey-do/services/react/src/pages/Dashboard/Dashboard.tsx","statementMap":{"0":{"start":{"line":28,"column":25},"end":{"line":49,"column":1}},"1":{"start":{"line":36,"column":6},"end":{"line":36,"column":50}},"2":{"start":{"line":38,"column":16},"end":{"line":42,"column":3}},"3":{"start":{"line":44,"column":2},"end":{"line":48,"column":4}},"4":{"start":{"line":51,"column":24},"end":{"line":70,"column":1}},"5":{"start":{"line":52,"column":25},"end":{"line":52,"column":45}},"6":{"start":{"line":54,"column":2},"end":{"line":69,"column":4}},"7":{"start":{"line":61,"column":47},"end":{"line":61,"column":51}},"8":{"start":{"line":63,"column":12},"end":{"line":63,"column":114}},"9":{"start":{"line":72,"column":29},"end":{"line":193,"column":1}},"10":{"start":{"line":73,"column":56},"end":{"line":73,"column":66}},"11":{"start":{"line":74,"column":19},"end":{"line":74,"column":32}},"12":{"start":{"line":75,"column":38},"end":{"line":75,"column":65}},"13":{"start":{"line":77,"column":21},"end":{"line":79,"column":3}},"14":{"start":{"line":78,"column":4},"end":{"line":78,"column":28}},"15":{"start":{"line":81,"column":18},"end":{"line":90,"column":3}},"16":{"start":{"line":92,"column":20},"end":{"line":92,"column":89}},"17":{"start":{"line":92,"column":38},"end":{"line":92,"column":88}},"18":{"start":{"line":93,"column":26},"end":{"line":93,"column":92}},"19":{"start":{"line":93,"column":44},"end":{"line":93,"column":91}},"20":{"start":{"line":94,"column":20},"end":{"line":94,"column":50}},"21":{"start":{"line":94,"column":38},"end":{"line":94,"column":49}},"22":{"start":{"line":96,"column":26},"end":{"line":99,"column":3}},"23":{"start":{"line":97,"column":17},"end":{"line":97,"column":58}},"24":{"start":{"line":97,"column":33},"end":{"line":97,"column":57}},"25":{"start":{"line":98,"column":4},"end":{"line":98,"column":34}},"26":{"start":{"line":98,"column":14},"end":{"line":98,"column":34}},"27":{"start":{"line":101,"column":24},"end":{"line":147,"column":3}},"28":{"start":{"line":102,"column":29},"end":{"line":102,"column":34}},"29":{"start":{"line":103,"column":4},"end":{"line":103,"column":24}},"30":{"start":{"line":105,"column":4},"end":{"line":105,"column":22}},"31":{"start":{"line":105,"column":15},"end":{"line":105,"column":22}},"32":{"start":{"line":107,"column":21},"end":{"line":107,"column":40}},"33":{"start":{"line":108,"column":19},"end":{"line":108,"column":36}},"34":{"start":{"line":111,"column":17},"end":{"line":111,"column":51}},"35":{"start":{"line":111,"column":33},"end":{"line":111,"column":50}},"36":{"start":{"line":112,"column":4},"end":{"line":112,"column":22}},"37":{"start":{"line":112,"column":15},"end":{"line":112,"column":22}},"38":{"start":{"line":115,"column":23},"end":{"line":115,"column":29}},"39":{"start":{"line":118,"column":4},"end":{"line":125,"column":5}},"40":{"start":{"line":119,"column":25},"end":{"line":119,"column":57}},"41":{"start":{"line":119,"column":41},"end":{"line":119,"column":56}},"42":{"start":{"line":120,"column":8},"end":{"line":124,"column":9}},"43":{"start":{"line":121,"column":12},"end":{"line":123,"column":39}},"44":{"start":{"line":121,"column":36},"end":{"line":121,"column":58}},"45":{"start":{"line":122,"column":17},"end":{"line":123,"column":39}},"46":{"start":{"line":122,"column":61},"end":{"line":122,"column":89}},"47":{"start":{"line":123,"column":17},"end":{"line":123,"column":39}},"48":{"start":{"line":128,"column":4},"end":{"line":146,"column":5}},"49":{"start":{"line":129,"column":8},"end":{"line":134,"column":9}},"50":{"start":{"line":130,"column":12},"end":{"line":133,"column":15}},"51":{"start":{"line":132,"column":52},"end":{"line":132,"column":71}},"52":{"start":{"line":135,"column":11},"end":{"line":146,"column":5}},"53":{"start":{"line":136,"column":8},"end":{"line":141,"column":9}},"54":{"start":{"line":137,"column":12},"end":{"line":140,"column":15}},"55":{"start":{"line":139,"column":56},"end":{"line":139,"column":75}},"56":{"start":{"line":142,"column":11},"end":{"line":146,"column":5}},"57":{"start":{"line":143,"column":8},"end":{"line":145,"column":9}},"58":{"start":{"line":144,"column":12},"end":{"line":144,"column":59}},"59":{"start":{"line":149,"column":2},"end":{"line":192,"column":4}}},"fnMap":{"0":{"name":"(anonymous_0)","decl":{"start":{"line":28,"column":25},"end":{"line":28,"column":26}},"loc":{"start":{"line":28,"column":177},"end":{"line":49,"column":1}},"line":28},"1":{"name":"(anonymous_1)","decl":{"start":{"line":51,"column":24},"end":{"line":51,"column":25}},"loc":{"start":{"line":51,"column":218},"end":{"line":70,"column":1}},"line":51},"2":{"name":"(anonymous_2)","decl":{"start":{"line":61,"column":42},"end":{"line":61,"column":43}},
[...]
{"line":111,"column":50}},"line":111},"13":{"name":"(anonymous_13)","decl":{"start":{"line":119,"column":36},"end":{"line":119,"column":37}},"loc":{"start":{"line":119,"column":41},"end":{"line":119,"column":56}},"line":119},"14":{"name":"(anonymous_14)","decl":{"start":{"line":132,"column":47},"end":{"line":132,"column":48}},"loc":{"start":{"line":132,"column":52},"end":{"line":132,"column":71}},"line":132},"15":{"name":"(anonymous_15)","decl":{"start":{"line":139,"column":51},"end":{"line":139,"column":52}},"loc":{"start":{"line":139,"column":56},"end":{"line":139,"column":75}},"line":139},"16":{"name":"(anonymous_16)","decl":{"start":{"line":186,"column":58},"end":{"line":186,"column":59}},"loc":{"start":{"line":186,"column":64},"end":{"line":186,"column":66}},"line":186},"17":{"name":"(anonymous_17)","decl":{"start":{"line":186,"column":78},"end":{"line":186,"column":79}},"loc":{"start":{"line":186,"column":84},"end":{"line":186,"column":86}},"line":186},"18":{"name":"(anonymous_18)","decl":{"start":{"line":186,"column":96},"end":{"line":186,"column":97}},"loc":{"start":{"line":186,"column":102},"end":{"line":186,"column":104}},"line":186}},"branchMap":{"0":{"loc":{"start":{"line":41,"column":13},"end":{"line":41,"column":33}},"type":"cond-expr","locations":[{"start":{"line":41,"column":26},"end":{"line":41,"column":29}},{"start":{"line":41,"column":32},"end":{"line":41,"column":33}}],"line":41},"1":{"loc":{"start":{"line":66,"column":9},"end":{"line":66,"column":75}},"type":"binary-expr","locations":[{"start":{"line":66,"column":9},"end":{"line":66,"column":27}},{"start":{"line":66,"column":31},"end":{"line":66,"column":75}}],"line":66},"2":{"loc":{"start":{"line":92,"column":38},"end":{"line":92,"column":88}},"type":"binary-expr","locations":[{"start":{"line":92,"column":38},"end":{"line":92,"column":50}},{"start":{"line":92,"column":55},"end":{"line":92,"column":87}}],"line":92},"3":{"loc":{"start":{"line":93,"column":44},"end":{"line":93,"column":91}},"type":"binary-expr","locations":[{"start":{"line":93,"column":44},"end":{"line":93,"column":56}},{"start":{"line":93,"column":60},"end":{"line":93,"column":91}}],"line":93},"4":{"loc":{"start":{"line":98,"column":4},"end":{"line":98,"column":34}},"type":"if","locations":[{"start":{"line":98,"column":4},"end":{"line":98,"column":34}},{"start":{},"end":{}}],"line":98},"5":{"loc":{"start":{"line":105,"column":4},"end":{"line":105,"column":22}},"type":"if","locations":[{"start":{"line":105,"column":4},"end":{"line":105,"column":22}},{"start":{},"end":{}}],"line":105},"6":{"loc":{"start":{"line":112,"column":4},"end":{"line":112,"column":22}},"type":"if","locations":[{"start":{"line":112,"column":4},"end":{"line":112,"column":22}},{"start":{},"end":{}}],"line":112},"7":{"loc":{"start":{"line":118,"column":4},"end":{"line":125,"column":5}},"type":"if","locations":[{"start":{"line":118,"column":4},"end":{"line":125,"column":5}},{"start":{},"end":{}}],"line":118},"8":{"loc":{"start":{"line":118,"column":8},"end":{"line":118,"column":73}},"type":"binary-expr","locations":[{"start":{"line":118,"column":8},"end":{"line":118,"column":25}},{"start":{"line":118,"column":29},"end":{"line":118,"column":52}},{"start":{"line":118,"column":56},"end":{"line":118,"column":73}}],"line":118},"9":{"loc":{"start":{"line":120,"column":8},"end":{"line":124,"column":9}},"type":"if","locations":[{"start":{"line":120,"column":8},"end":{"line":124,"column":9}},{"start":{},"end":{}}],"line":120},"10":{"loc":{"start":{"line":121,"column":12},"end":{"line":123,"column":39}},"type":"if","locations":[{"start":{"line":121,"column":12},"end":{"line":123,"column":39}},{"start":{"line":122,"column":17},"end":{"line":123,"column":39}}],"line":121},"11":{"loc":{"start":{"line":122,"column":17},"end":{"line":123,"column":39}},"type":"if","locations":[{"start":{"line":122,"column":17},"end":{"line":123,"column":39}},{"start":{"line":123,"column":17},"end":{"line":123,"column":39}}],"line":122},"12":{"loc":{"start":{"line":128,"column":4},"end":{"line":146,"column":5}},"type":"if","locations":[{"start":{"line":128,"column":4},"end":{"line":146,"column":5}},{"start":{"line":135,"column":11},"end":{"line":146,"column":5}}],"line":128},"13":{"loc":{"start":{"line":129,"column":8},"end":{"line":134,"column":9}},"type":"if","locations":[{"start":{"line":129,"column":8},"end":{"line":134,"column":9}},{"start":{},"end":{}}],"line":129},"14":{"loc":{"start":{"line":129,"column":12},"end":{"line":129,"column":64}},"type":"binary-expr","locations":[{"start":{"line":129,"column":12},"end":{"line":129,"column":26}},{"start":{"line":129,"column":30},"end":{"line":129,"column":64}}],"line":129},"15":{"loc":{"start":{"line":132,"column":23},"end":{"line":132,"column":38}},"type":"binary-expr","locations":[{"start":{"line":132,"column":23},"end":{"line":132,"column":32}},{"start":{"line":132,"column":36},"end":{"line":132,"column":38}}],"line":132},"16":{"loc":{"start":{"line":135,"column":11},"end":{"line":146,"column":5}},"type":"if","locations":[{"start":{"line":135,"column":11},"end":{"line":146,"column":5}},{"start":{"line":142,"column":11},"end":{"line":146,"column":5}}],"line":135},"17":{"loc":{"start":{"line":136,"column":8},"end":{"line":141,"column":9}},"type":"if","locations":[{"start":{"line":136,"column":8},"end":{"line":141,"column":9}},{"start":{},"end":{}}],"line":136},"18":{"loc":{"start":{"line":136,"column":12},"end":{"line":136,"column":65}},"type":"binary-expr","locations":[{"start":{"line":136,"column":12},"end":{"line":136,"column":26}},{"start":{"line":136,"column":30},"end":{"line":136,"column":65}}],"line":136},"19":{"loc":{"start":{"line":139,"column":27},"end":{"line":139,"column":42}},"type":"binary-expr","locations":[{"start":{"line":139,"column":27},"end":{"line":139,"column":36}},{"start":{"line":139,"column":40},"end":{"line":139,"column":42}}],"line":139},"20":{"loc":{"start":{"line":142,"column":11},"end":{"line":146,"column":5}},"type":"if","locations":[{"start":{"line":142,"column":11},"end":{"line":146,"column":5}},{"start":{},"end":{}}],"line":142},"21":{"loc":{"start":{"line":143,"column":8},"end":{"line":145,"column":9}},"type":"if","locations":[{"start":{"line":143,"column":8},"end":{"line":145,"column":9}},{"start":{},"end":{}}],"line":143},"22":{"loc":{"start":{"line":184,"column":13},"end":{"line":188,"column":20}},"type":"cond-expr","locations":[{"start":{"line":185,"column":16},"end":{"line":187,"column":22}},{"start":{"line":188,"column":16},"end":{"line":188,"column":20}}],"line":184}},"s":{"0":1,"1":0,"2":0,"3":0,"4":1,"5":3,"6":3,"7":0,"8":0,"9":1,"10":1,"11":1,"12":1,"13":1,"14":0,"15":1,"16":1,"17":0,"18":1,"19":0,"20":1,"21":0,"22":1,"23":0,"24":0,"25":0,"26":0,"27":1,"28":0,"29":0,"30":0,"31":0,"32":0,"33":0,"34":0,"35":0,"36":0,"37":0,"38":0,"39":0,"40":0,"41":0,"42":0,"43":0,"44":0,"45":0,"46":0,"47":0,"48":0,"49":0,"50":0,"51":0,"52":0,"53":0,"54":0,"55":0,"56":0,"57":0,"58":0,"59":1},"f":{"0":0,"1":3,"2":0,"3":0,"4":1,"5":0,"6":0,"7":0,"8":0,"9":0,"10":0,"11":0,"12":0,"13":0,"14":0,"15":0,"16":0,"17":0,"18":0},"b":{"0":[0,0],"1":[3,3],"2":[0,0],"3":[0,0],"4":[0,0],"5":[0,0],"6":[0,0],"7":[0,0],"8":[0,0,0],"9":[0,0],"10":[0,0],"11":[0,0],"12":[0,0],"13":[0,0],"14":[0,0],"15":[0,0],"16":[0,0],"17":[0,0],"18":[0,0],"19":[0,0],"20":[0,0],"21":[0,0],"22":[0,1]},"_coverageSchema":"1a1c01bbd47fc00a2c39e90264f33305004495a9","hash":"ccba6c3897ded03c77c91b8c8a2692953994b6d2"}
,"/home/robo/code/honey-do/services/react/src/pages/ManageTodo/ManageTodo.tsx": {"path":"/home/robo/code/honey-do/services/react/src/pages/ManageTodo/ManageTodo.tsx","statementMap":{"0":{"start":{"line":8,"column":30},"end":{"line":54,"column":1}},"1":{"start":{"line":9,"column":17},"end":{"line":9,"column":28}},"2":{"start":{"line":10,"column":19},"end":{"line":10,"column":32}},"3":{"start":{"line":11,"column":41},"end":{"line":11,"column":51}},"4":{"start":{"line":12,"column":40},"end":{"line":12,"column":59}},"5":{"start":{"line":14,"column":2},"end":{"line":30,"column":18}},"6":{"start":{"line":15,"column":4},"end":{"line":29,"column":5}},"7":{"start":{"line":16,"column":19},"end":{"line":16,"column":47}},"8":{"start":{"line":16,"column":35},"end":{"line":16,"column":46}},"9":{"start":{"line":17,"column":6},"end":{"line":28,"column":7}},"10":{"start":{"line":18,"column":8},"end":{"line":27,"column":11}},"11":{"start":{"line":32,"column":23},"end":{"line":39,"column":3}},"12":{"start":{"line":33,"column":4},"end":{"line":37,"column":5}},"13":{"start":{"line":34,"column":6},"end":{"line":34,"column":33}},"14":{"start":{"line":36,"column":6},"end":{"line":36,"column":26}},"15":{"start":{"line":38,"column":4},"end":{"line":38,"column":25}},"16":{"start":{"line":41,"column":2},"end":{"line":53,"column":4}},"17":{"start":{"line":45,"column":31},"end":{"line":45,"column":44}}},"fnMap":{"0":{"name":"(anonymous_0)","decl":{"start":{"line":8,"column":30},"end":{"line":8,"column":31}},"loc":{"start":{"line":8,"column":36},"end":{"line":54,"column":1}},"line":8},"1":{"name":"(anonymous_1)","decl":{"start":{"line":14,"column":12},"end":{"line":14,"column":13}},"loc":{"start":{"line":14,"column":18},"end":{"line":30,"column":3}},"line":14},"2":{"name":"(anonymous_2)","decl":{"start":{"line":16,"column":30},"end":{"line":16,"column":31}},"loc":{"start":{"line":16,"column":35},"end":{"line":16,"column":46}},"line":16},"3":{"name":"(anonymous_3)","decl":{"start":{"line":32,"column":23},"end":{"line":32,"column":24}},"loc":{"start":{"line":32,"column":44},"end":{"line":39,"column":3}},"line":32},"4":{"name":"(anonymous_4)","decl":{"start":{"line":45,"column":25},"end":{"line":45,"column":26}},"loc":{"start":{"line":45,"column":31},"end":{"line":45,"column":44}},"line":45}},"branchMap":{"0":{"loc":{"start":{"line":15,"column":4},"end":{"line":29,"column":5}},"type":"if","locations":[{"start":{"line":15,"column":4},"end":{"line":29,"column":5}},{"start":{},"end":{}}],"line":15},"1":{"loc":{"start":{"line":17,"column":6},"end":{"line":28,"column":7}},"type":"if","locations":[{"start":{"line":17,"column":6},"end":{"line":28,"column":7}},{"start":{},"end":{}}],"line":17},"2":{"loc":{"start":{"line":33,"column":4},"end":{"line":37,"column":5}},"type":"if","locations":[{"start":{"line":33,"column":4},"end":{"line":37,"column":5}},{"start":{"line":35,"column":11},"end":{"line":37,"column":5}}],"line":33},"3":{"loc":{"start":{"line":44,"column":13},"end":{"line":44,"column":48}},"type":"cond-expr","locations":[{"start":{"line":44,"column":18},"end":{"line":44,"column":31}},{"start":{"line":44,"column":34},"end":{"line":44,"column":48}}],"line":44},"4":{"loc":{"start":{"line":50,"column":14},"end":{"line":50,"column":33}},"type":"cond-expr","locations":[{"start":{"line":50,"column":19},"end":{"line":50,"column":25}},{"start":{"line":50,"column":28},"end":{"line":50,"column":33}}],"line":50}},"s":{"0":1,"1":0,"2":0,"3":0,"4":0,"5":0,"6":0,"7":0,"8":0,"9":0,"10":0,"11":0,"12":0,"13":0,"14":0,"15":0,"16":0,"17":0},"f":{"0":0,"1":0,"2":0,"3":0,"4":0},"b":{"0":[0,0],"1":[0,0],"2":[0,0],"3":[0,0],"4":[0,0]},"_coverageSchema":"1a1c01bbd47fc00a2c39e90264f33305004495a9","hash":"236ecd7755f3efc867f7f7dfdca3cdd08dc57be9"}
,"/home/robo/code/honey-do/services/react/src/pages/Settings/Settings.tsx": {"path":"/home/robo/code/honey-do/services/react/src/pages/Settings/Settings.tsx","statementMap":{"0":{"start":{"line":5,"column":28},"end":{"line":25,"column":1}},"1":{"start":{"line":6,"column":37},"end":{"line":6,"column":47}},"2":{"start":{"line":8,"column":2},"end":{"line":24,"column":4}}},"fnMap":{"0":{"name":"(anonymous_0)","decl":{"start":{"line":5,"column":28},"end":{"line":5,"column":29}},"loc":{"start":{"line":5,"column":34},"end":{"line":25,"column":1}},"line":5}},"branchMap":{"0":{"loc":{"start":{"line":15,"column":11},"end":{"line":15,"column":59}},"type":"cond-expr","locations":[{"start":{"line":15,"column":23},"end":{"line":15,"column":40}},{"start":{"line":15,"column":43},"end":{"line":15,"column":59}}],"line":15}},"s":{"0":1,"1":0,"2":0},"f":{"0":0},"b":{"0":[0,0]},"_coverageSchema":"1a1c01bbd47fc00a2c39e90264f33305004495a9","hash":"0eb29030d5b6482cf81c1426435d333f4cede402"}
,"/home/robo/code/honey-do/services/react/src/pages/Today/Today.tsx": {"path":"/home/robo/code/honey-do/services/react/src/pages/Today/Today.tsx","statementMap":{"0":{"start":{"line":6,"column":25},"end":{"line":98,"column":1}},"1":{"start":{"line":7,"column":44},"end":{"line":7,"column":54}},"2":{"start":{"line":9,"column":16},"end":{"line":9,"column":26}},"3":{"start":{"line":10,"column":2},"end":{"line":10,"column":29}},"4":{"start":{"line":12,"column":20},"end":{"line":16,"column":3}},"5":{"start":{"line":13,"column":14},"end":{"line":13,"column":28}},"6":{"start":{"line":14,"column":4},"end":{"line":14,"column":27}},"7":{"start":{"line":15,"column":4},"end":{"line":15,"column":21}},"8":{"start":{"line":18,"column":18},"end":{"line":22,"column":3}},"9":{"start":{"line":19,"column":14},"end":{"line":19,"column":28}},"10":{"start":{"line":20,"column":4},"end":{"line":20,"column":27}},"11":{"start":{"line":21,"column":4},"end":{"line":21,"column":43}},"12":{"start":{"line":25,"column":22},"end":{"line":25,"column":53}},"13":{"start":{"line":25,"column":40},"end":{"line":25,"column":52}},"14":{"start":{"line":27,"column":23},"end":{"line":27,"column":81}},"15":{"start":{"line":27,"column":47},"end":{"line":27,"column":80}},"16":{"start":{"line":28,"column":21},"end":{"line":28,"column":77}},"17":{"start":{"line":28,"column":45},"end":{"line":28,"column":76}},"18":{"start":{"line":31,"column":24},"end":{"line":40,"column":4}},"19":{"start":{"line":32,"column":4},"end":{"line":32,"column":75}},"20":{"start":{"line":34,"column":18},"end":{"line":34,"column":48}},"21":{"start":{"line":35,"column":18},"end":{"line":35,"column":48}},"22":{"start":{"line":36,"column":4},"end":{"line":36,"column":46}},"23":{"start":{"line":36,"column":25},"end":{"line":36,"column":46}},"24":{"start":{"line":38,"column":24},"end":{"line":38,"column":65}},"25":{"start":{"line":39,"column":4},"end":{"line":39,"column":61}},"26":{"start":{"line":43,"column":23},"end":{"line":43,"column":72}},"27":{"start":{"line":43,"column":47},"end":{"line":43,"column":71}},"28":{"start":{"line":45,"column":2},"end":{"line":97,"column":4}},"29":{"start":{"line":52,"column":14},"end":{"line":52,"column":96}},"30":{"start":{"line":63,"column":14},"end":{"line":63,"column":96}},"31":{"start":{"line":76,"column":14},"end":{"line":76,"column":96}},"32":{"start":{"line":89,"column":14},"end":{"line":89,"column":96}}},"fnMap":{"0":{"name":"(anonymous_0)","decl":{"start":{"line":6,"column":25},"end":{"line":6,"column":26}},"loc":{"start":{"line":6,"column":31},"end":{"line":98,"column":1}},"line":6},"1":{"name":"(anonymous_1)","decl":{"start":{"line":12,"column":20},"end":{"line":12,"column":21}},"loc":{"start":{"line":12,"column":36},"end":{"line":16,"column":3}},"line":12},"2":{"name":"(anonymous_2)","decl":{"start":{"line":18,"column":18},"end":{"line":18,"column":19}},"loc":{"start":{"line":18,"column":34},"end":{"line":22,"column":3}},"line":18},"3":{"name":"(anonymous_3)","decl":{"start":{"line":25,"column":35},"end":{"line":25,"column":36}},"loc":{"start":{"line":25,"column":40},"end":{"line":25,"column":52}},"line":25},"4":{"name":"(anonymous_4)","decl":{"start":{"line":27,"column":42},"end":{"line":27,"column":43}},"loc":{"start":{"line":27,"column":47},"end":{"line":27,"column":80}},"line":27},"5":{"name":"(anonymous_5)","decl":{"start":{"line":28,"column":40},"end":{"line":28,"column":41}},"loc":{"start":{"line":28,"column":45},"end":{"line":28,"column":76}},"line":28},"6":{"name":"(anonymous_6)","decl":{"start":{"line":31,"column":43},"end":{"line":31,"column":44}},"loc":{"start":{"line":32,"column":4},"end":{"line":32,"column":75}},"line":32},"7":{"name":"(anonymous_7)","decl":{"start":{"line":33,"column":9},"end":{"line":33,"column":10}},"loc":{"start":{"line":33,"column":19},"end":{"line":40,"column":3}},"line":33},"8":{"name":"(anonymous_8)","decl":{"start":{"line":43,"column":42},"end":{"line":43,"column":43}},"loc":{"start":{"line":43,"column":47},"end":{"line":43,"column":71}},"line":43},"9":{"name":"(anonymous_9)","decl":{"start":{"line":51,"column":30},"end":{"line":51,"column":31}},"loc":{"start":{"line":52,"column":14},"end":{"line":52,"column":96}},"line":52},"10":{"name":"(anonymous_10)","decl":{"start":{"line":62,"column":27},"end":{"line":62,"column":28}},"loc":{"start":{"line":63,"column":14},"end":{"line":63,"column":96}},"line":63},"11":{"name":"(anonymous_11)","decl":{"start":{"line":75,"column":30},"end":{"line":75,"column":31}},"loc":{"start":{"line":76,"column":14},"end":{"line":76,"column":96}},"line":76},"12":{"name":"(anonymous_12)","decl":{"start":{"line":88,"column":29},"end":{"line":88,"column":30}},"loc":{"start":{"line":89,"column":14},"end":{"line":89,"column":96}},"line":89}},"branchMap":{"0":{"loc":{"start":{"line":27,"column":47},"end":{"line":27,"column":80}},"type":"binary-expr","locations":[{"start":{"line":27,"column":47},"end":{"line":27,"column":56}},{"start":{"line":27,"column":60},"end":{"line":27,"column":80}}],"line":27},"1":{"loc":{"start":{"line":28,"column":45},"end":{"line":28,"column":76}},"type":"binary-expr","locations":[{"start":{"line":28,"column":45},"end":{"line":28,"column":54}},{"start":{"line":28,"column":58},"end":{"line":28,"column":76}}],"line":28},"2":{"loc":{"start":{"line":32,"column":4},"end":{"line":32,"column":75}},"type":"binary-expr","locations":[{"start":{"line":32,"column":4},"end":{"line":32,"column":13}},{"start":{"line":32,"column":17},"end":{"line":32,"column":38}},{"start":{"line":32,"column":42},"end":{"line":32,"column":61}},{"start":{"line":32,"column":65},"end":{"line":32,"column":75}}],"line":32},"3":{"loc":{"start":{"line":36,"column":4},"end":{"line":36,"column":46}},"type":"if","locations":[{"start":{"line":36,"column":4},"end":{"line":36,"column":46}},{"start":{},"end":{}}],"line":36},"4":{"loc":{"start":{"line":43,"column":47},"end":{"line":43,"column":71}},"type":"binary-expr","locations":[{"start":{"line":43,"column":47},"end":{"line":43,"column":57}},{"start":{"line":43,"column":61},"end":{"line":43,"column":71}}],"line":43},"5":{"loc":{"start":{"line":47,"column":7},"end":{"line":56,"column":7}},"type":"binary-expr","locations":[{"start":{"line":47,"column":7},"end":{"line":47,"column":30}},{"start":{"line":48,"column":8},"end":{"line":55,"column":14}}],"line":47},"6":{"loc":{"start":{"line":61,"column":11},"end":{"line":67,"column":11}},"type":"cond-expr","locations":[{"start":{"line":62,"column":12},"end":{"line":64,"column":14}},{"start":{"line":66,"column":12},"end":{"line":66,"column":66}}],"line":61},"7":{"loc":{"start":{"line":74,"column":11},"end":{"line":80,"column":11}},"type":"cond-expr","locations":[{"start":{"line":75,"column":12},"end":{"line":77,"column":14}},{"start":{"line":79,"column":12},"end":{"line":79,"column":74}}],"line":74},"8":{"loc":{"start":{"line":87,"column":11},"end":{"line":93,"column":11}},"type":"cond-expr","locations":[{"start":{"line":88,"column":12},"end":{"line":90,"column":14}},{"start":{"line":92,"column":12},"end":{"line":92,"column":73}}],"line":87}},"s":{"0":1,"1":0,"2":0,"3":0,"4":0,"5":0,"6":0,"7":0,"8":0,"9":0,"10":0,"11":0,"12":0,"13":0,"14":0,"15":0,"16":0,"17":0,"18":0,"19":0,"20":0,"21":0,"22":0,"23":0,"24":0,"25":0,"26":0,"27":0,"28":0,"29":0,"30":0,"31":0,"32":0},"f":{"0":0,"1":0,"2":0,"3":0,"4":0,"5":0,"6":0,"7":0,"8":0,"9":0,"10":0,"11":0,"12":0},"b":{"0":[0,0],"1":[0,0],"2":[0,0,0,0],"3":[0,0],"4":[0,0],"5":[0,0],"6":[0,0],"7":[0,0],"8":[0,0]},"_coverageSchema":"1a1c01bbd47fc00a2c39e90264f33305004495a9","hash":"056e4cf6a5077cb46a10f1cde914c9e6a85a0e33"}
,"/home/robo/code/honey-do/services/react/src/types/todo.ts": {"path":"/home/robo/code/honey-do/services/react/src/types/todo.ts","statementMap":{},"fnMap":{},"branchMap":{},"s":{},"f":{},"b":{}}
}
